[1.798s] Invoking command in '/home/eleclabs/ros2_ws/src/mypkg': PYTHONPATH=/home/eleclabs/ros2_ws/build/mypkg/prefix_override:/usr/lib/python3/dist-packages/colcon_core/task/python/colcon_distutils_commands:/home/eleclabs/ros2_ws/install/mypkg/lib/python3.10/site-packages:${PYTHONPATH} /usr/bin/python3 -W ignore:setup.py install is deprecated setup.py egg_info --egg-base ../../build/mypkg build --build-base /home/eleclabs/ros2_ws/build/mypkg/build install --record /home/eleclabs/ros2_ws/build/mypkg/install.log --single-version-externally-managed install_data
[2.033s] running egg_info
[2.034s] writing ../../build/mypkg/mypkg.egg-info/PKG-INFO
[2.035s] writing dependency_links to ../../build/mypkg/mypkg.egg-info/dependency_links.txt
[2.035s] writing entry points to ../../build/mypkg/mypkg.egg-info/entry_points.txt
[2.036s] writing requirements to ../../build/mypkg/mypkg.egg-info/requires.txt
[2.036s] writing top-level names to ../../build/mypkg/mypkg.egg-info/top_level.txt
[2.037s] reading manifest file '../../build/mypkg/mypkg.egg-info/SOURCES.txt'
[2.038s] writing manifest file '../../build/mypkg/mypkg.egg-info/SOURCES.txt'
[2.038s] running build
[2.038s] running build_py
[2.040s] running install
[2.040s] running install_lib
[2.043s] running install_data
[2.043s] running install_egg_info
[2.045s] removing '/home/eleclabs/ros2_ws/install/mypkg/lib/python3.10/site-packages/mypkg-0.0.0-py3.10.egg-info' (and everything under it)
[2.046s] Copying ../../build/mypkg/mypkg.egg-info to /home/eleclabs/ros2_ws/install/mypkg/lib/python3.10/site-packages/mypkg-0.0.0-py3.10.egg-info
[2.048s] running install_scripts
[2.066s] Installing first_publisher script to /home/eleclabs/ros2_ws/install/mypkg/lib/mypkg
[2.067s] Installing twist_publisher script to /home/eleclabs/ros2_ws/install/mypkg/lib/mypkg
[2.067s] writing list of installed files to '/home/eleclabs/ros2_ws/build/mypkg/install.log'
[2.122s] Invoked command in '/home/eleclabs/ros2_ws/src/mypkg' returned '0': PYTHONPATH=/home/eleclabs/ros2_ws/build/mypkg/prefix_override:/usr/lib/python3/dist-packages/colcon_core/task/python/colcon_distutils_commands:/home/eleclabs/ros2_ws/install/mypkg/lib/python3.10/site-packages:${PYTHONPATH} /usr/bin/python3 -W ignore:setup.py install is deprecated setup.py egg_info --egg-base ../../build/mypkg build --build-base /home/eleclabs/ros2_ws/build/mypkg/build install --record /home/eleclabs/ros2_ws/build/mypkg/install.log --single-version-externally-managed install_data
