[0.753s] Invoking command in '/home/eleclabs/ros2_ws/build/pkg_c': CMAKE_PREFIX_PATH=${CMAKE_PREFIX_PATH}:/home/eleclabs/ros2_ws/install/pkg_py:/home/eleclabs/ros2_ws/install/mypkg:/home/eleclabs/ros2_ws/install/my_robot_controller:/home/eleclabs/ros2_ws/install/my_camera:/home/eleclabs/ros2_ws/install/examples_rclpy_minimal_action_server:/home/eleclabs/ros2_ws/install/examples_rclpy_minimal_action_client:/home/eleclabs/ros2_ws/install/examples_rclpy_guard_conditions:/home/eleclabs/ros2_ws/install/examples_rclpy_executors:/opt/ros/humble /usr/bin/cmake --build /home/eleclabs/ros2_ws/build/pkg_c -- -j16 -l16
[0.878s] [35m[1mConsolidate compiler generated dependencies of target my_node[0m
[0.898s] [100%] Built target my_node
[1.017s] Invoked command in '/home/eleclabs/ros2_ws/build/pkg_c' returned '0': CMAKE_PREFIX_PATH=${CMAKE_PREFIX_PATH}:/home/eleclabs/ros2_ws/install/pkg_py:/home/eleclabs/ros2_ws/install/mypkg:/home/eleclabs/ros2_ws/install/my_robot_controller:/home/eleclabs/ros2_ws/install/my_camera:/home/eleclabs/ros2_ws/install/examples_rclpy_minimal_action_server:/home/eleclabs/ros2_ws/install/examples_rclpy_minimal_action_client:/home/eleclabs/ros2_ws/install/examples_rclpy_guard_conditions:/home/eleclabs/ros2_ws/install/examples_rclpy_executors:/opt/ros/humble /usr/bin/cmake --build /home/eleclabs/ros2_ws/build/pkg_c -- -j16 -l16
[1.058s] Invoking command in '/home/eleclabs/ros2_ws/build/pkg_c': CMAKE_PREFIX_PATH=${CMAKE_PREFIX_PATH}:/home/eleclabs/ros2_ws/install/pkg_py:/home/eleclabs/ros2_ws/install/mypkg:/home/eleclabs/ros2_ws/install/my_robot_controller:/home/eleclabs/ros2_ws/install/my_camera:/home/eleclabs/ros2_ws/install/examples_rclpy_minimal_action_server:/home/eleclabs/ros2_ws/install/examples_rclpy_minimal_action_client:/home/eleclabs/ros2_ws/install/examples_rclpy_guard_conditions:/home/eleclabs/ros2_ws/install/examples_rclpy_executors:/opt/ros/humble /usr/bin/cmake --install /home/eleclabs/ros2_ws/build/pkg_c
[1.066s] -- Install configuration: ""
[1.068s] -- Up-to-date: /home/eleclabs/ros2_ws/install/pkg_c/lib/pkg_c/my_node
[1.068s] -- Up-to-date: /home/eleclabs/ros2_ws/install/pkg_c/share/ament_index/resource_index/package_run_dependencies/pkg_c
[1.068s] -- Up-to-date: /home/eleclabs/ros2_ws/install/pkg_c/share/ament_index/resource_index/parent_prefix_path/pkg_c
[1.068s] -- Up-to-date: /home/eleclabs/ros2_ws/install/pkg_c/share/pkg_c/environment/ament_prefix_path.sh
[1.069s] -- Up-to-date: /home/eleclabs/ros2_ws/install/pkg_c/share/pkg_c/environment/ament_prefix_path.dsv
[1.069s] -- Up-to-date: /home/eleclabs/ros2_ws/install/pkg_c/share/pkg_c/environment/path.sh
[1.069s] -- Up-to-date: /home/eleclabs/ros2_ws/install/pkg_c/share/pkg_c/environment/path.dsv
[1.069s] -- Up-to-date: /home/eleclabs/ros2_ws/install/pkg_c/share/pkg_c/local_setup.bash
[1.070s] -- Up-to-date: /home/eleclabs/ros2_ws/install/pkg_c/share/pkg_c/local_setup.sh
[1.070s] -- Up-to-date: /home/eleclabs/ros2_ws/install/pkg_c/share/pkg_c/local_setup.zsh
[1.070s] -- Up-to-date: /home/eleclabs/ros2_ws/install/pkg_c/share/pkg_c/local_setup.dsv
[1.070s] -- Up-to-date: /home/eleclabs/ros2_ws/install/pkg_c/share/pkg_c/package.dsv
[1.070s] -- Up-to-date: /home/eleclabs/ros2_ws/install/pkg_c/share/ament_index/resource_index/packages/pkg_c
[1.071s] -- Up-to-date: /home/eleclabs/ros2_ws/install/pkg_c/share/pkg_c/cmake/pkg_cConfig.cmake
[1.071s] -- Up-to-date: /home/eleclabs/ros2_ws/install/pkg_c/share/pkg_c/cmake/pkg_cConfig-version.cmake
[1.071s] -- Up-to-date: /home/eleclabs/ros2_ws/install/pkg_c/share/pkg_c/package.xml
[1.073s] Invoked command in '/home/eleclabs/ros2_ws/build/pkg_c' returned '0': CMAKE_PREFIX_PATH=${CMAKE_PREFIX_PATH}:/home/eleclabs/ros2_ws/install/pkg_py:/home/eleclabs/ros2_ws/install/mypkg:/home/eleclabs/ros2_ws/install/my_robot_controller:/home/eleclabs/ros2_ws/install/my_camera:/home/eleclabs/ros2_ws/install/examples_rclpy_minimal_action_server:/home/eleclabs/ros2_ws/install/examples_rclpy_minimal_action_client:/home/eleclabs/ros2_ws/install/examples_rclpy_guard_conditions:/home/eleclabs/ros2_ws/install/examples_rclpy_executors:/opt/ros/humble /usr/bin/cmake --install /home/eleclabs/ros2_ws/build/pkg_c
