[20.150s] Invoking command in '/home/eleclabs/ros2_ws/src/examples/rclpy/services/minimal_client': PYTHONPATH=/home/eleclabs/ros2_ws/build/examples_rclpy_minimal_client/prefix_override:/usr/lib/python3/dist-packages/colcon_core/task/python/colcon_distutils_commands:/home/eleclabs/ros2_ws/install/examples_rclpy_minimal_client/lib/python3.10/site-packages:${PYTHONPATH} /usr/bin/python3 -W ignore:setup.py install is deprecated setup.py egg_info --egg-base ../../../../../build/examples_rclpy_minimal_client build --build-base /home/eleclabs/ros2_ws/build/examples_rclpy_minimal_client/build install --record /home/eleclabs/ros2_ws/build/examples_rclpy_minimal_client/install.log --single-version-externally-managed install_data
[27.465s] Traceback (most recent call last):
[27.466s]   File "/home/eleclabs/ros2_ws/src/examples/rclpy/services/minimal_client/setup.py", line 1, in <module>
[27.466s]     from setuptools import setup
[27.466s]   File "/home/eleclabs/.local/lib/python3.10/site-packages/setuptools/__init__.py", line 16, in <module>
[27.466s]     import setuptools.version
[27.466s]   File "/home/eleclabs/.local/lib/python3.10/site-packages/setuptools/version.py", line 1, in <module>
[27.467s]     import pkg_resources
[27.467s]   File "/home/eleclabs/.local/lib/python3.10/site-packages/pkg_resources/__init__.py", line 3243, in <module>
[27.467s]     def _initialize_master_working_set():
[27.467s]   File "/home/eleclabs/.local/lib/python3.10/site-packages/pkg_resources/__init__.py", line 3226, in _call_aside
[27.467s]     f(*args, **kwargs)
[27.467s]   File "/home/eleclabs/.local/lib/python3.10/site-packages/pkg_resources/__init__.py", line 3255, in _initialize_master_working_set
[27.467s]     working_set = WorkingSet._build_master()
[27.467s]   File "/home/eleclabs/.local/lib/python3.10/site-packages/pkg_resources/__init__.py", line 559, in _build_master
[27.467s]     ws = cls()
[27.468s]   File "/home/eleclabs/.local/lib/python3.10/site-packages/pkg_resources/__init__.py", line 552, in __init__
[27.468s]     self.add_entry(entry)
[27.468s]   File "/home/eleclabs/.local/lib/python3.10/site-packages/pkg_resources/__init__.py", line 608, in add_entry
[27.469s]     for dist in find_distributions(entry, True):
[27.471s]   File "/home/eleclabs/.local/lib/python3.10/site-packages/pkg_resources/__init__.py", line 2063, in find_on_path
[27.476s]     for dist in factory(fullpath):
[27.476s]   File "/home/eleclabs/.local/lib/python3.10/site-packages/pkg_resources/__init__.py", line 2128, in distributions_from_metadata
[27.476s]     yield Distribution.from_location(
[27.476s]   File "/home/eleclabs/.local/lib/python3.10/site-packages/pkg_resources/__init__.py", line 2591, in from_location
[27.476s]     )._reload_version()
[27.476s]   File "/home/eleclabs/.local/lib/python3.10/site-packages/pkg_resources/__init__.py", line 2989, in _reload_version
[27.476s]     md_version = self._get_version()
[27.477s]   File "/home/eleclabs/.local/lib/python3.10/site-packages/pkg_resources/__init__.py", line 2770, in _get_version
[27.477s]     version = _version_from_file(lines)
[27.477s]   File "/home/eleclabs/.local/lib/python3.10/site-packages/pkg_resources/__init__.py", line 2554, in _version_from_file
[27.477s]     line = next(iter(version_lines), '')
[27.477s]   File "/home/eleclabs/.local/lib/python3.10/site-packages/pkg_resources/__init__.py", line 2765, in _get_metadata
[27.477s]     for line in self.get_metadata_lines(name):
[27.477s]   File "/home/eleclabs/.local/lib/python3.10/site-packages/pkg_resources/__init__.py", line 2810, in __getattr__
[27.477s]     def __getattr__(self, attr):
[27.477s] KeyboardInterrupt
