[5.840s] Invoking command in '/home/eleclabs/ros2_ws/build/examples_rclpy_minimal_action_server': PYTHONPATH=/home/eleclabs/ros2_ws/build/examples_rclpy_minimal_action_server/prefix_override:/usr/lib/python3/dist-packages/colcon_core/task/python/colcon_distutils_commands:/home/eleclabs/ros2_ws/install/examples_rclpy_minimal_action_server/lib/python3.10/site-packages:${PYTHONPATH} /usr/bin/python3 -W ignore:setup.py install is deprecated setup.py develop --editable --build-directory /home/eleclabs/ros2_ws/build/examples_rclpy_minimal_action_server/build --no-deps symlink_data
[7.270s] running develop
[7.576s] running egg_info
[7.584s] creating examples_rclpy_minimal_action_server.egg-info
[7.585s] writing examples_rclpy_minimal_action_server.egg-info/PKG-INFO
[7.595s] writing dependency_links to examples_rclpy_minimal_action_server.egg-info/dependency_links.txt
[7.595s] writing entry points to examples_rclpy_minimal_action_server.egg-info/entry_points.txt
[7.596s] writing requirements to examples_rclpy_minimal_action_server.egg-info/requires.txt
[7.596s] writing top-level names to examples_rclpy_minimal_action_server.egg-info/top_level.txt
[7.596s] writing manifest file 'examples_rclpy_minimal_action_server.egg-info/SOURCES.txt'
[7.600s] reading manifest file 'examples_rclpy_minimal_action_server.egg-info/SOURCES.txt'
[7.600s] writing manifest file 'examples_rclpy_minimal_action_server.egg-info/SOURCES.txt'
[7.600s] running build_ext
[7.601s] Creating /home/eleclabs/ros2_ws/install/examples_rclpy_minimal_action_server/lib/python3.10/site-packages/examples-rclpy-minimal-action-server.egg-link (link to .)
[7.602s] Installing server script to /home/eleclabs/ros2_ws/install/examples_rclpy_minimal_action_server/lib/examples_rclpy_minimal_action_server
[7.604s] Installing server_defer script to /home/eleclabs/ros2_ws/install/examples_rclpy_minimal_action_server/lib/examples_rclpy_minimal_action_server
[7.604s] Installing server_not_composable script to /home/eleclabs/ros2_ws/install/examples_rclpy_minimal_action_server/lib/examples_rclpy_minimal_action_server
[7.613s] Installing server_queue_goals script to /home/eleclabs/ros2_ws/install/examples_rclpy_minimal_action_server/lib/examples_rclpy_minimal_action_server
[7.614s] Installing server_single_goal script to /home/eleclabs/ros2_ws/install/examples_rclpy_minimal_action_server/lib/examples_rclpy_minimal_action_server
[7.614s] 
[7.614s] Installed /home/eleclabs/ros2_ws/build/examples_rclpy_minimal_action_server
[7.615s] running symlink_data
[7.615s] creating /home/eleclabs/ros2_ws/install/examples_rclpy_minimal_action_server/share/ament_index
[7.615s] creating /home/eleclabs/ros2_ws/install/examples_rclpy_minimal_action_server/share/ament_index/resource_index
[7.616s] creating /home/eleclabs/ros2_ws/install/examples_rclpy_minimal_action_server/share/ament_index/resource_index/packages
[7.616s] symbolically linking /home/eleclabs/ros2_ws/build/examples_rclpy_minimal_action_server/resource/examples_rclpy_minimal_action_server -> /home/eleclabs/ros2_ws/install/examples_rclpy_minimal_action_server/share/ament_index/resource_index/packages
[7.616s] symbolically linking /home/eleclabs/ros2_ws/build/examples_rclpy_minimal_action_server/package.xml -> /home/eleclabs/ros2_ws/install/examples_rclpy_minimal_action_server/share/examples_rclpy_minimal_action_server
[7.792s] Invoked command in '/home/eleclabs/ros2_ws/build/examples_rclpy_minimal_action_server' returned '0': PYTHONPATH=/home/eleclabs/ros2_ws/build/examples_rclpy_minimal_action_server/prefix_override:/usr/lib/python3/dist-packages/colcon_core/task/python/colcon_distutils_commands:/home/eleclabs/ros2_ws/install/examples_rclpy_minimal_action_server/lib/python3.10/site-packages:${PYTHONPATH} /usr/bin/python3 -W ignore:setup.py install is deprecated setup.py develop --editable --build-directory /home/eleclabs/ros2_ws/build/examples_rclpy_minimal_action_server/build --no-deps symlink_data
