[20.004s] Invoking command in '/home/eleclabs/ros2_ws/src/examples/rclpy/topics/minimal_publisher': PYTHONPATH=/home/eleclabs/ros2_ws/build/examples_rclpy_minimal_publisher/prefix_override:/usr/lib/python3/dist-packages/colcon_core/task/python/colcon_distutils_commands:/home/eleclabs/ros2_ws/install/examples_rclpy_minimal_publisher/lib/python3.10/site-packages:${PYTHONPATH} /usr/bin/python3 -W ignore:setup.py install is deprecated setup.py egg_info --egg-base ../../../../../build/examples_rclpy_minimal_publisher build --build-base /home/eleclabs/ros2_ws/build/examples_rclpy_minimal_publisher/build install --record /home/eleclabs/ros2_ws/build/examples_rclpy_minimal_publisher/install.log --single-version-externally-managed install_data
[27.281s] Traceback (most recent call last):
[27.282s]   File "/home/eleclabs/ros2_ws/src/examples/rclpy/topics/minimal_publisher/setup.py", line 1, in <module>
[27.282s]     from setuptools import setup
[27.282s]   File "/home/eleclabs/.local/lib/python3.10/site-packages/setuptools/__init__.py", line 16, in <module>
[27.282s]     import setuptools.version
[27.282s]   File "/home/eleclabs/.local/lib/python3.10/site-packages/setuptools/version.py", line 1, in <module>
[27.282s]     import pkg_resources
[27.283s]   File "/home/eleclabs/.local/lib/python3.10/site-packages/pkg_resources/__init__.py", line 3243, in <module>
[27.283s]     def _initialize_master_working_set():
[27.283s]   File "/home/eleclabs/.local/lib/python3.10/site-packages/pkg_resources/__init__.py", line 3226, in _call_aside
[27.283s]     f(*args, **kwargs)
[27.283s]   File "/home/eleclabs/.local/lib/python3.10/site-packages/pkg_resources/__init__.py", line 3255, in _initialize_master_working_set
[27.283s]     working_set = WorkingSet._build_master()
[27.283s]   File "/home/eleclabs/.local/lib/python3.10/site-packages/pkg_resources/__init__.py", line 559, in _build_master
[27.283s]     ws = cls()
[27.283s]   File "/home/eleclabs/.local/lib/python3.10/site-packages/pkg_resources/__init__.py", line 552, in __init__
[27.284s]     self.add_entry(entry)
[27.284s]   File "/home/eleclabs/.local/lib/python3.10/site-packages/pkg_resources/__init__.py", line 608, in add_entry
[27.284s]     for dist in find_distributions(entry, True):
[27.284s]   File "/home/eleclabs/.local/lib/python3.10/site-packages/pkg_resources/__init__.py", line 2063, in find_on_path
[27.284s]     for dist in factory(fullpath):
[27.284s]   File "/home/eleclabs/.local/lib/python3.10/site-packages/pkg_resources/__init__.py", line 2128, in distributions_from_metadata
[27.284s]     yield Distribution.from_location(
[27.284s]   File "/home/eleclabs/.local/lib/python3.10/site-packages/pkg_resources/__init__.py", line 2591, in from_location
[27.284s]     )._reload_version()
[27.285s]   File "/home/eleclabs/.local/lib/python3.10/site-packages/pkg_resources/__init__.py", line 2989, in _reload_version
[27.285s]     md_version = self._get_version()
[27.285s]   File "/home/eleclabs/.local/lib/python3.10/site-packages/pkg_resources/__init__.py", line 2770, in _get_version
[27.285s]     version = _version_from_file(lines)
[27.285s]   File "/home/eleclabs/.local/lib/python3.10/site-packages/pkg_resources/__init__.py", line 2554, in _version_from_file
[27.285s]     line = next(iter(version_lines), '')
[27.285s]   File "/home/eleclabs/.local/lib/python3.10/site-packages/pkg_resources/__init__.py", line 2765, in _get_metadata
[27.285s]     for line in self.get_metadata_lines(name):
[27.285s]   File "/home/eleclabs/.local/lib/python3.10/site-packages/pkg_resources/__init__.py", line 1417, in get_metadata_lines
[27.285s]     return yield_lines(self.get_metadata(name))
[27.286s]   File "/home/eleclabs/.local/lib/python3.10/site-packages/pkg_resources/__init__.py", line 1407, in get_metadata
[27.286s]     value = self._get(path)
[27.286s]   File "/home/eleclabs/.local/lib/python3.10/site-packages/pkg_resources/__init__.py", line 1612, in _get
[27.286s]     return stream.read()
[27.286s] KeyboardInterrupt
