[4.453s] Invoking command in '/home/eleclabs/ros2_ws/src/my_robot_controller': PYTHONPATH=/home/eleclabs/ros2_ws/build/my_robot_controller/prefix_override:/usr/lib/python3/dist-packages/colcon_core/task/python/colcon_distutils_commands:/home/eleclabs/ros2_ws/install/my_robot_controller/lib/python3.10/site-packages:${PYTHONPATH} /usr/bin/python3 -W ignore:setup.py install is deprecated setup.py egg_info --egg-base ../../build/my_robot_controller build --build-base /home/eleclabs/ros2_ws/build/my_robot_controller/build install --record /home/eleclabs/ros2_ws/build/my_robot_controller/install.log --single-version-externally-managed install_data
[5.226s] running egg_info
[5.227s] writing ../../build/my_robot_controller/my_robot_controller.egg-info/PKG-INFO
[5.229s] writing dependency_links to ../../build/my_robot_controller/my_robot_controller.egg-info/dependency_links.txt
[5.230s] writing entry points to ../../build/my_robot_controller/my_robot_controller.egg-info/entry_points.txt
[5.231s] writing requirements to ../../build/my_robot_controller/my_robot_controller.egg-info/requires.txt
[5.231s] writing top-level names to ../../build/my_robot_controller/my_robot_controller.egg-info/top_level.txt
[5.237s] reading manifest file '../../build/my_robot_controller/my_robot_controller.egg-info/SOURCES.txt'
[5.240s] writing manifest file '../../build/my_robot_controller/my_robot_controller.egg-info/SOURCES.txt'
[5.240s] running build
[5.241s] running build_py
[5.243s] running install
[5.243s] running install_lib
[5.248s] running install_data
[5.249s] running install_egg_info
[5.253s] removing '/home/eleclabs/ros2_ws/install/my_robot_controller/lib/python3.10/site-packages/my_robot_controller-0.0.0-py3.10.egg-info' (and everything under it)
[5.256s] Copying ../../build/my_robot_controller/my_robot_controller.egg-info to /home/eleclabs/ros2_ws/install/my_robot_controller/lib/python3.10/site-packages/my_robot_controller-0.0.0-py3.10.egg-info
[5.259s] running install_scripts
[5.297s] Installing test_node script to /home/eleclabs/ros2_ws/install/my_robot_controller/lib/my_robot_controller
[5.299s] writing list of installed files to '/home/eleclabs/ros2_ws/build/my_robot_controller/install.log'
[5.403s] Invoked command in '/home/eleclabs/ros2_ws/src/my_robot_controller' returned '0': PYTHONPATH=/home/eleclabs/ros2_ws/build/my_robot_controller/prefix_override:/usr/lib/python3/dist-packages/colcon_core/task/python/colcon_distutils_commands:/home/eleclabs/ros2_ws/install/my_robot_controller/lib/python3.10/site-packages:${PYTHONPATH} /usr/bin/python3 -W ignore:setup.py install is deprecated setup.py egg_info --egg-base ../../build/my_robot_controller build --build-base /home/eleclabs/ros2_ws/build/my_robot_controller/build install --record /home/eleclabs/ros2_ws/build/my_robot_controller/install.log --single-version-externally-managed install_data
