[0.996s] Invoking command in '/home/eleclabs/ros2_ws/src/my_camera': PYTHONPATH=/home/eleclabs/ros2_ws/build/my_camera/prefix_override:/usr/lib/python3/dist-packages/colcon_core/task/python/colcon_distutils_commands:/home/eleclabs/ros2_ws/install/my_camera/lib/python3.10/site-packages:${PYTHONPATH} /usr/bin/python3 -W ignore:setup.py install is deprecated setup.py egg_info --egg-base ../../build/my_camera build --build-base /home/eleclabs/ros2_ws/build/my_camera/build install --record /home/eleclabs/ros2_ws/build/my_camera/install.log --single-version-externally-managed install_data
[1.198s] running egg_info
[1.199s] writing ../../build/my_camera/my_camera.egg-info/PKG-INFO
[1.200s] writing dependency_links to ../../build/my_camera/my_camera.egg-info/dependency_links.txt
[1.200s] writing entry points to ../../build/my_camera/my_camera.egg-info/entry_points.txt
[1.200s] writing requirements to ../../build/my_camera/my_camera.egg-info/requires.txt
[1.201s] writing top-level names to ../../build/my_camera/my_camera.egg-info/top_level.txt
[1.202s] reading manifest file '../../build/my_camera/my_camera.egg-info/SOURCES.txt'
[1.202s] adding license file 'LICENSE'
[1.203s] writing manifest file '../../build/my_camera/my_camera.egg-info/SOURCES.txt'
[1.203s] running build
[1.204s] running build_py
[1.204s] running install
[1.204s] running install_lib
[1.206s] running install_data
[1.206s] running install_egg_info
[1.207s] removing '/home/eleclabs/ros2_ws/install/my_camera/lib/python3.10/site-packages/my_camera-0.0.0-py3.10.egg-info' (and everything under it)
[1.209s] Copying ../../build/my_camera/my_camera.egg-info to /home/eleclabs/ros2_ws/install/my_camera/lib/python3.10/site-packages/my_camera-0.0.0-py3.10.egg-info
[1.210s] running install_scripts
[1.227s] Installing ip_stream_node script to /home/eleclabs/ros2_ws/install/my_camera/lib/my_camera
[1.228s] Installing usbcam_node script to /home/eleclabs/ros2_ws/install/my_camera/lib/my_camera
[1.228s] Installing webcam_node script to /home/eleclabs/ros2_ws/install/my_camera/lib/my_camera
[1.228s] writing list of installed files to '/home/eleclabs/ros2_ws/build/my_camera/install.log'
[1.260s] Invoked command in '/home/eleclabs/ros2_ws/src/my_camera' returned '0': PYTHONPATH=/home/eleclabs/ros2_ws/build/my_camera/prefix_override:/usr/lib/python3/dist-packages/colcon_core/task/python/colcon_distutils_commands:/home/eleclabs/ros2_ws/install/my_camera/lib/python3.10/site-packages:${PYTHONPATH} /usr/bin/python3 -W ignore:setup.py install is deprecated setup.py egg_info --egg-base ../../build/my_camera build --build-base /home/eleclabs/ros2_ws/build/my_camera/build install --record /home/eleclabs/ros2_ws/build/my_camera/install.log --single-version-externally-managed install_data
