[0.261s] Invoking command in '/home/eleclabs/ros2_ws/build/examples_rclcpp_cbg_executor': CMAKE_PREFIX_PATH=${CMAKE_PREFIX_PATH}:/home/eleclabs/ros2_ws/install/mypkg:/home/eleclabs/ros2_ws/install/my_robot_controller:/home/eleclabs/ros2_ws/install/my_camera:/opt/ros/humble /usr/bin/cmake /home/eleclabs/ros2_ws/src/examples/rclcpp/executors/cbg_executor -DCMAKE_INSTALL_PREFIX=/home/eleclabs/ros2_ws/install/examples_rclcpp_cbg_executor
[3.816s] -- Found ament_cmake: 1.3.10 (/opt/ros/humble/share/ament_cmake/cmake)
[3.817s] -- Override CMake install command with custom implementation using symlinks instead of copying resources
[3.817s] -- Found rclcpp: 16.0.10 (/opt/ros/humble/share/rclcpp/cmake)
[3.818s] -- Found rosidl_generator_c: 3.1.5 (/opt/ros/humble/share/rosidl_generator_c/cmake)
[3.819s] -- Found rosidl_adapter: 3.1.5 (/opt/ros/humble/share/rosidl_adapter/cmake)
[3.819s] -- Found rosidl_generator_cpp: 3.1.5 (/opt/ros/humble/share/rosidl_generator_cpp/cmake)
[3.821s] -- Using all available rosidl_typesupport_c: rosidl_typesupport_fastrtps_c;rosidl_typesupport_introspection_c
[3.822s] -- Using all available rosidl_typesupport_cpp: rosidl_typesupport_fastrtps_cpp;rosidl_typesupport_introspection_cpp
[3.823s] -- Found rmw_implementation_cmake: 6.1.2 (/opt/ros/humble/share/rmw_implementation_cmake/cmake)
[3.823s] -- Found rmw_cyclonedds_cpp: 1.3.4 (/opt/ros/humble/share/rmw_cyclonedds_cpp/cmake)
[3.824s] -- Using RMW implementation 'rmw_cyclonedds_cpp' as default
[3.824s] -- Found ament_lint_auto: 0.12.11 (/opt/ros/humble/share/ament_lint_auto/cmake)
[3.825s] -- Added test 'copyright' to check source files copyright and LICENSE
[3.826s] -- Added test 'cppcheck' to perform static code analysis on C / C++ code
[3.826s] -- Configured cppcheck include dirs: /home/eleclabs/ros2_ws/src/examples/rclcpp/executors/cbg_executor/include
[3.827s] -- Configured cppcheck exclude dirs and/or files: 
[3.828s] -- Added test 'cpplint' to check C / C++ code against the Google style
[3.828s] -- Configured cpplint exclude dirs and/or files: 
[3.830s] -- Added test 'lint_cmake' to check CMake code style
[3.831s] -- Added test 'uncrustify' to check C / C++ code style
[3.831s] -- Configured uncrustify additional arguments: 
[3.832s] -- Added test 'xmllint' to check XML markup files
[3.832s] -- Configuring done
[3.833s] -- Generating done
[3.834s] -- Build files have been written to: /home/eleclabs/ros2_ws/build/examples_rclcpp_cbg_executor
[4.071s] Invoked command in '/home/eleclabs/ros2_ws/build/examples_rclcpp_cbg_executor' returned '0': CMAKE_PREFIX_PATH=${CMAKE_PREFIX_PATH}:/home/eleclabs/ros2_ws/install/mypkg:/home/eleclabs/ros2_ws/install/my_robot_controller:/home/eleclabs/ros2_ws/install/my_camera:/opt/ros/humble /usr/bin/cmake /home/eleclabs/ros2_ws/src/examples/rclcpp/executors/cbg_executor -DCMAKE_INSTALL_PREFIX=/home/eleclabs/ros2_ws/install/examples_rclcpp_cbg_executor
[4.083s] Invoking command in '/home/eleclabs/ros2_ws/build/examples_rclcpp_cbg_executor': CMAKE_PREFIX_PATH=${CMAKE_PREFIX_PATH}:/home/eleclabs/ros2_ws/install/mypkg:/home/eleclabs/ros2_ws/install/my_robot_controller:/home/eleclabs/ros2_ws/install/my_camera:/opt/ros/humble /usr/bin/cmake --build /home/eleclabs/ros2_ws/build/examples_rclcpp_cbg_executor -- -j16 -l16
[4.240s] [35m[1mConsolidate compiler generated dependencies of target ping_pong[0m
[4.277s] [ 10%] [32mBuilding CXX object CMakeFiles/ping.dir/src/ping.cpp.o[0m
[4.310s] [ 20%] [32mBuilding CXX object CMakeFiles/ping.dir/src/examples_rclcpp_cbg_executor/ping_node.cpp.o[0m
[4.346s] [ 30%] [32mBuilding CXX object CMakeFiles/ping_pong.dir/src/ping_pong.cpp.o[0m
[4.393s] [ 40%] [32mBuilding CXX object CMakeFiles/pong.dir/src/examples_rclcpp_cbg_executor/pong_node.cpp.o[0m
[4.402s] [ 50%] [32mBuilding CXX object CMakeFiles/pong.dir/src/pong.cpp.o[0m
[4.466s] [ 60%] [32mBuilding CXX object CMakeFiles/ping_pong.dir/src/examples_rclcpp_cbg_executor/ping_node.cpp.o[0m
[34.201s] gmake[2]: *** [CMakeFiles/ping_pong.dir/build.make:90: CMakeFiles/ping_pong.dir/src/examples_rclcpp_cbg_executor/ping_node.cpp.o] Interrupt
[34.204s] gmake[2]: *** [CMakeFiles/ping_pong.dir/build.make:76: CMakeFiles/ping_pong.dir/src/ping_pong.cpp.o] Interrupt
[34.205s] gmake[2]: *** [CMakeFiles/pong.dir/build.make:90: CMakeFiles/pong.dir/src/examples_rclcpp_cbg_executor/pong_node.cpp.o] Interrupt
[34.205s] gmake[2]: *** [CMakeFiles/ping.dir/build.make:90: CMakeFiles/ping.dir/src/examples_rclcpp_cbg_executor/ping_node.cpp.o] Interrupt
[34.205s] gmake[2]: *** [CMakeFiles/pong.dir/build.make:76: CMakeFiles/pong.dir/src/pong.cpp.o] Interrupt
[34.205s] gmake[2]: *** [CMakeFiles/ping.dir/build.make:76: CMakeFiles/ping.dir/src/ping.cpp.o] Interrupt
[34.224s] gmake[1]: *** [CMakeFiles/Makefile2:167: CMakeFiles/pong.dir/all] Interrupt
[34.224s] gmake[1]: *** [CMakeFiles/Makefile2:141: CMakeFiles/ping.dir/all] Interrupt
[34.224s] gmake[1]: *** [CMakeFiles/Makefile2:193: CMakeFiles/ping_pong.dir/all] Interrupt
[34.227s] gmake: *** [Makefile:146: all] Interrupt
