[1.971s] Invoking command in '/home/eleclabs/ros2_ws/build/pkg_c': CMAKE_PREFIX_PATH=${CMAKE_PREFIX_PATH}:/home/eleclabs/ros2_ws/install/mypkg:/home/eleclabs/ros2_ws/install/my_robot_controller:/home/eleclabs/ros2_ws/install/my_camera:/opt/ros/humble /usr/bin/cmake /home/eleclabs/ros2_ws/src/pkg_c -DCMAKE_INSTALL_PREFIX=/home/eleclabs/ros2_ws/install/pkg_c
[2.619s] -- The C compiler identification is GNU 11.4.0
[3.870s] -- The CXX compiler identification is GNU 11.4.0
[4.812s] -- Detecting C compiler ABI info
[5.184s] -- Detecting C compiler ABI info - done
[5.202s] -- Check for working C compiler: /usr/bin/cc - skipped
[5.203s] -- Detecting C compile features
[5.207s] -- Detecting C compile features - done
[5.218s] -- Detecting CXX compiler ABI info
[5.583s] -- Detecting CXX compiler ABI info - done
[5.603s] -- Check for working CXX compiler: /usr/bin/c++ - skipped
[5.604s] -- Detecting CXX compile features
[5.605s] -- Detecting CXX compile features - done
[5.718s] -- Found ament_cmake: 1.3.10 (/opt/ros/humble/share/ament_cmake/cmake)
[6.066s] -- Found Python3: /usr/bin/python3 (found version "3.10.12") found components: Interpreter 
[6.367s] -- Found ament_lint_auto: 0.12.11 (/opt/ros/humble/share/ament_lint_auto/cmake)
[6.652s] -- Added test 'cppcheck' to perform static code analysis on C / C++ code
[6.652s] -- Configured cppcheck include dirs: $<BUILD_INTERFACE:/home/eleclabs/ros2_ws/src/pkg_c/include>
[6.652s] -- Configured cppcheck exclude dirs and/or files: 
[6.656s] -- Added test 'lint_cmake' to check CMake code style
[6.660s] -- Added test 'uncrustify' to check C / C++ code style
[6.660s] -- Configured uncrustify additional arguments: 
[6.662s] -- Added test 'xmllint' to check XML markup files
[6.670s] -- Configuring done
[6.684s] -- Generating done
[6.686s] -- Build files have been written to: /home/eleclabs/ros2_ws/build/pkg_c
[6.694s] Invoked command in '/home/eleclabs/ros2_ws/build/pkg_c' returned '0': CMAKE_PREFIX_PATH=${CMAKE_PREFIX_PATH}:/home/eleclabs/ros2_ws/install/mypkg:/home/eleclabs/ros2_ws/install/my_robot_controller:/home/eleclabs/ros2_ws/install/my_camera:/opt/ros/humble /usr/bin/cmake /home/eleclabs/ros2_ws/src/pkg_c -DCMAKE_INSTALL_PREFIX=/home/eleclabs/ros2_ws/install/pkg_c
[6.699s] Invoking command in '/home/eleclabs/ros2_ws/build/pkg_c': CMAKE_PREFIX_PATH=${CMAKE_PREFIX_PATH}:/home/eleclabs/ros2_ws/install/mypkg:/home/eleclabs/ros2_ws/install/my_robot_controller:/home/eleclabs/ros2_ws/install/my_camera:/opt/ros/humble /usr/bin/cmake --build /home/eleclabs/ros2_ws/build/pkg_c -- -j16 -l16
[6.787s] [ 50%] [32mBuilding CXX object CMakeFiles/my_node.dir/src/my_node.cpp.o[0m
[6.959s] [100%] [32m[1mLinking CXX executable my_node[0m
[7.233s] [100%] Built target my_node
[7.306s] Invoked command in '/home/eleclabs/ros2_ws/build/pkg_c' returned '0': CMAKE_PREFIX_PATH=${CMAKE_PREFIX_PATH}:/home/eleclabs/ros2_ws/install/mypkg:/home/eleclabs/ros2_ws/install/my_robot_controller:/home/eleclabs/ros2_ws/install/my_camera:/opt/ros/humble /usr/bin/cmake --build /home/eleclabs/ros2_ws/build/pkg_c -- -j16 -l16
[7.379s] Invoking command in '/home/eleclabs/ros2_ws/build/pkg_c': CMAKE_PREFIX_PATH=${CMAKE_PREFIX_PATH}:/home/eleclabs/ros2_ws/install/mypkg:/home/eleclabs/ros2_ws/install/my_robot_controller:/home/eleclabs/ros2_ws/install/my_camera:/opt/ros/humble /usr/bin/cmake --install /home/eleclabs/ros2_ws/build/pkg_c
[7.393s] -- Install configuration: ""
[7.395s] -- Installing: /home/eleclabs/ros2_ws/install/pkg_c/lib/pkg_c/my_node
[7.397s] -- Installing: /home/eleclabs/ros2_ws/install/pkg_c/share/ament_index/resource_index/package_run_dependencies/pkg_c
[7.398s] -- Installing: /home/eleclabs/ros2_ws/install/pkg_c/share/ament_index/resource_index/parent_prefix_path/pkg_c
[7.399s] -- Installing: /home/eleclabs/ros2_ws/install/pkg_c/share/pkg_c/environment/ament_prefix_path.sh
[7.400s] -- Installing: /home/eleclabs/ros2_ws/install/pkg_c/share/pkg_c/environment/ament_prefix_path.dsv
[7.400s] -- Installing: /home/eleclabs/ros2_ws/install/pkg_c/share/pkg_c/environment/path.sh
[7.401s] -- Installing: /home/eleclabs/ros2_ws/install/pkg_c/share/pkg_c/environment/path.dsv
[7.401s] -- Installing: /home/eleclabs/ros2_ws/install/pkg_c/share/pkg_c/local_setup.bash
[7.402s] -- Installing: /home/eleclabs/ros2_ws/install/pkg_c/share/pkg_c/local_setup.sh
[7.403s] -- Installing: /home/eleclabs/ros2_ws/install/pkg_c/share/pkg_c/local_setup.zsh
[7.403s] -- Installing: /home/eleclabs/ros2_ws/install/pkg_c/share/pkg_c/local_setup.dsv
[7.404s] -- Installing: /home/eleclabs/ros2_ws/install/pkg_c/share/pkg_c/package.dsv
[7.405s] -- Installing: /home/eleclabs/ros2_ws/install/pkg_c/share/ament_index/resource_index/packages/pkg_c
[7.405s] -- Installing: /home/eleclabs/ros2_ws/install/pkg_c/share/pkg_c/cmake/pkg_cConfig.cmake
[7.406s] -- Installing: /home/eleclabs/ros2_ws/install/pkg_c/share/pkg_c/cmake/pkg_cConfig-version.cmake
[7.407s] -- Installing: /home/eleclabs/ros2_ws/install/pkg_c/share/pkg_c/package.xml
[7.412s] Invoked command in '/home/eleclabs/ros2_ws/build/pkg_c' returned '0': CMAKE_PREFIX_PATH=${CMAKE_PREFIX_PATH}:/home/eleclabs/ros2_ws/install/mypkg:/home/eleclabs/ros2_ws/install/my_robot_controller:/home/eleclabs/ros2_ws/install/my_camera:/opt/ros/humble /usr/bin/cmake --install /home/eleclabs/ros2_ws/build/pkg_c
