[0.230s] Invoking command in '/home/eleclabs/ros2_ws/build/examples_rclcpp_minimal_service': CMAKE_PREFIX_PATH=${CMAKE_PREFIX_PATH}:/home/eleclabs/ros2_ws/install/mypkg:/home/eleclabs/ros2_ws/install/my_robot_controller:/home/eleclabs/ros2_ws/install/my_camera:/opt/ros/humble /usr/bin/cmake /home/eleclabs/ros2_ws/src/examples/rclcpp/services/minimal_service -DCMAKE_INSTALL_PREFIX=/home/eleclabs/ros2_ws/install/examples_rclcpp_minimal_service
[3.856s] -- Found ament_cmake: 1.3.10 (/opt/ros/humble/share/ament_cmake/cmake)
[3.856s] -- Override CMake install command with custom implementation using symlinks instead of copying resources
[3.857s] -- Found example_interfaces: 0.9.3 (/opt/ros/humble/share/example_interfaces/cmake)
[3.857s] -- Found rosidl_generator_c: 3.1.5 (/opt/ros/humble/share/rosidl_generator_c/cmake)
[3.857s] -- Found rosidl_adapter: 3.1.5 (/opt/ros/humble/share/rosidl_adapter/cmake)
[3.857s] -- Found rosidl_generator_cpp: 3.1.5 (/opt/ros/humble/share/rosidl_generator_cpp/cmake)
[3.858s] -- Using all available rosidl_typesupport_c: rosidl_typesupport_fastrtps_c;rosidl_typesupport_introspection_c
[3.858s] -- Using all available rosidl_typesupport_cpp: rosidl_typesupport_fastrtps_cpp;rosidl_typesupport_introspection_cpp
[3.859s] -- Found rclcpp: 16.0.10 (/opt/ros/humble/share/rclcpp/cmake)
[3.860s] -- Found rmw_implementation_cmake: 6.1.2 (/opt/ros/humble/share/rmw_implementation_cmake/cmake)
[3.860s] -- Found rmw_cyclonedds_cpp: 1.3.4 (/opt/ros/humble/share/rmw_cyclonedds_cpp/cmake)
[3.861s] -- Using RMW implementation 'rmw_cyclonedds_cpp' as default
[3.861s] -- Found ament_lint_auto: 0.12.11 (/opt/ros/humble/share/ament_lint_auto/cmake)
[3.862s] -- Added test 'copyright' to check source files copyright and LICENSE
[3.870s] -- Added test 'cppcheck' to perform static code analysis on C / C++ code
[3.873s] -- Configured cppcheck include dirs: 
[3.873s] -- Configured cppcheck exclude dirs and/or files: 
[3.874s] -- Added test 'cpplint' to check C / C++ code against the Google style
[3.875s] -- Configured cpplint exclude dirs and/or files: 
[3.876s] -- Added test 'lint_cmake' to check CMake code style
[3.876s] -- Added test 'uncrustify' to check C / C++ code style
[3.877s] -- Configured uncrustify additional arguments: 
[3.877s] -- Added test 'xmllint' to check XML markup files
[3.878s] -- Configuring done
[3.879s] -- Generating done
[3.881s] -- Build files have been written to: /home/eleclabs/ros2_ws/build/examples_rclcpp_minimal_service
[3.945s] Invoked command in '/home/eleclabs/ros2_ws/build/examples_rclcpp_minimal_service' returned '0': CMAKE_PREFIX_PATH=${CMAKE_PREFIX_PATH}:/home/eleclabs/ros2_ws/install/mypkg:/home/eleclabs/ros2_ws/install/my_robot_controller:/home/eleclabs/ros2_ws/install/my_camera:/opt/ros/humble /usr/bin/cmake /home/eleclabs/ros2_ws/src/examples/rclcpp/services/minimal_service -DCMAKE_INSTALL_PREFIX=/home/eleclabs/ros2_ws/install/examples_rclcpp_minimal_service
[3.946s] Invoking command in '/home/eleclabs/ros2_ws/build/examples_rclcpp_minimal_service': CMAKE_PREFIX_PATH=${CMAKE_PREFIX_PATH}:/home/eleclabs/ros2_ws/install/mypkg:/home/eleclabs/ros2_ws/install/my_robot_controller:/home/eleclabs/ros2_ws/install/my_camera:/opt/ros/humble /usr/bin/cmake --build /home/eleclabs/ros2_ws/build/examples_rclcpp_minimal_service -- -j16 -l16
[4.140s] [ 50%] [32mBuilding CXX object CMakeFiles/service_main.dir/main.cpp.o[0m
[34.133s] gmake[2]: *** [CMakeFiles/service_main.dir/build.make:76: CMakeFiles/service_main.dir/main.cpp.o] Interrupt
[34.135s] gmake[1]: *** [CMakeFiles/Makefile2:137: CMakeFiles/service_main.dir/all] Interrupt
[34.140s] gmake: *** [Makefile:146: all] Interrupt
