[0.679s] Invoking command in '/home/eleclabs/ros2_ws/src/my_camera': PYTHONPATH=/home/eleclabs/ros2_ws/build/my_camera/prefix_override:/usr/lib/python3/dist-packages/colcon_core/task/python/colcon_distutils_commands:/home/eleclabs/ros2_ws/install/my_camera/lib/python3.10/site-packages:${PYTHONPATH} /usr/bin/python3 -W ignore:setup.py install is deprecated setup.py egg_info --egg-base ../../build/my_camera build --build-base /home/eleclabs/ros2_ws/build/my_camera/build install --record /home/eleclabs/ros2_ws/build/my_camera/install.log --single-version-externally-managed install_data
[0.839s] running egg_info
[0.840s] writing ../../build/my_camera/my_camera.egg-info/PKG-INFO
[0.841s] writing dependency_links to ../../build/my_camera/my_camera.egg-info/dependency_links.txt
[0.842s] writing entry points to ../../build/my_camera/my_camera.egg-info/entry_points.txt
[0.842s] writing requirements to ../../build/my_camera/my_camera.egg-info/requires.txt
[0.842s] writing top-level names to ../../build/my_camera/my_camera.egg-info/top_level.txt
[0.844s] reading manifest file '../../build/my_camera/my_camera.egg-info/SOURCES.txt'
[0.844s] adding license file 'LICENSE'
[0.844s] writing manifest file '../../build/my_camera/my_camera.egg-info/SOURCES.txt'
[0.845s] running build
[0.845s] running build_py
[0.846s] running install
[0.846s] running install_lib
[0.847s] running install_data
[0.848s] running install_egg_info
[0.849s] removing '/home/eleclabs/ros2_ws/install/my_camera/lib/python3.10/site-packages/my_camera-0.0.0-py3.10.egg-info' (and everything under it)
[0.849s] Copying ../../build/my_camera/my_camera.egg-info to /home/eleclabs/ros2_ws/install/my_camera/lib/python3.10/site-packages/my_camera-0.0.0-py3.10.egg-info
[0.851s] running install_scripts
[0.864s] Installing ip_stream_node script to /home/eleclabs/ros2_ws/install/my_camera/lib/my_camera
[0.865s] Installing usbcam_node script to /home/eleclabs/ros2_ws/install/my_camera/lib/my_camera
[0.865s] Installing webcam_node script to /home/eleclabs/ros2_ws/install/my_camera/lib/my_camera
[0.866s] writing list of installed files to '/home/eleclabs/ros2_ws/build/my_camera/install.log'
[0.883s] Invoked command in '/home/eleclabs/ros2_ws/src/my_camera' returned '0': PYTHONPATH=/home/eleclabs/ros2_ws/build/my_camera/prefix_override:/usr/lib/python3/dist-packages/colcon_core/task/python/colcon_distutils_commands:/home/eleclabs/ros2_ws/install/my_camera/lib/python3.10/site-packages:${PYTHONPATH} /usr/bin/python3 -W ignore:setup.py install is deprecated setup.py egg_info --egg-base ../../build/my_camera build --build-base /home/eleclabs/ros2_ws/build/my_camera/build install --record /home/eleclabs/ros2_ws/build/my_camera/install.log --single-version-externally-managed install_data
