[16.268s] Invoking command in '/home/eleclabs/ros2_ws/src/examples/rclpy/services/minimal_service': PYTHONPATH=/home/eleclabs/ros2_ws/build/examples_rclpy_minimal_service/prefix_override:/usr/lib/python3/dist-packages/colcon_core/task/python/colcon_distutils_commands:/home/eleclabs/ros2_ws/install/examples_rclpy_minimal_service/lib/python3.10/site-packages:${PYTHONPATH} /usr/bin/python3 -W ignore:setup.py install is deprecated setup.py egg_info --egg-base ../../../../../build/examples_rclpy_minimal_service build --build-base /home/eleclabs/ros2_ws/build/examples_rclpy_minimal_service/build install --record /home/eleclabs/ros2_ws/build/examples_rclpy_minimal_service/install.log --single-version-externally-managed install_data
[23.543s] Traceback (most recent call last):
[23.544s]   File "/home/eleclabs/ros2_ws/src/examples/rclpy/services/minimal_service/setup.py", line 1, in <module>
[23.544s]     from setuptools import setup
[23.544s]   File "/home/eleclabs/.local/lib/python3.10/site-packages/setuptools/__init__.py", line 16, in <module>
[23.544s]     import setuptools.version
[23.544s]   File "/home/eleclabs/.local/lib/python3.10/site-packages/setuptools/version.py", line 1, in <module>
[23.544s]     import pkg_resources
[23.545s]   File "/home/eleclabs/.local/lib/python3.10/site-packages/pkg_resources/__init__.py", line 3243, in <module>
[23.554s]     def _initialize_master_working_set():
[23.555s]   File "/home/eleclabs/.local/lib/python3.10/site-packages/pkg_resources/__init__.py", line 3226, in _call_aside
[23.555s]     f(*args, **kwargs)
[23.555s]   File "/home/eleclabs/.local/lib/python3.10/site-packages/pkg_resources/__init__.py", line 3255, in _initialize_master_working_set
[23.560s]     working_set = WorkingSet._build_master()
[23.561s]   File "/home/eleclabs/.local/lib/python3.10/site-packages/pkg_resources/__init__.py", line 559, in _build_master
[23.561s]     ws = cls()
[23.562s]   File "/home/eleclabs/.local/lib/python3.10/site-packages/pkg_resources/__init__.py", line 552, in __init__
[23.569s]     self.add_entry(entry)
[23.569s]   File "/home/eleclabs/.local/lib/python3.10/site-packages/pkg_resources/__init__.py", line 608, in add_entry
[23.569s]     for dist in find_distributions(entry, True):
[23.569s]   File "/home/eleclabs/.local/lib/python3.10/site-packages/pkg_resources/__init__.py", line 2063, in find_on_path
[23.570s]     for dist in factory(fullpath):
[23.570s]   File "/home/eleclabs/.local/lib/python3.10/site-packages/pkg_resources/__init__.py", line 2128, in distributions_from_metadata
[23.570s]     yield Distribution.from_location(
[23.570s]   File "/home/eleclabs/.local/lib/python3.10/site-packages/pkg_resources/__init__.py", line 2591, in from_location
[23.571s]     )._reload_version()
[23.571s]   File "/home/eleclabs/.local/lib/python3.10/site-packages/pkg_resources/__init__.py", line 2989, in _reload_version
[23.571s]     md_version = self._get_version()
[23.571s]   File "/home/eleclabs/.local/lib/python3.10/site-packages/pkg_resources/__init__.py", line 2770, in _get_version
[23.571s]     version = _version_from_file(lines)
[23.571s]   File "/home/eleclabs/.local/lib/python3.10/site-packages/pkg_resources/__init__.py", line 2556, in _version_from_file
[23.571s]     return safe_version(value.strip()) or None
[23.572s]   File "/home/eleclabs/.local/lib/python3.10/site-packages/pkg_resources/__init__.py", line 1318, in safe_version
[23.572s]     return str(packaging.version.Version(version))
[23.572s]   File "/home/eleclabs/.local/lib/python3.10/site-packages/pkg_resources/_vendor/packaging/version.py", line 282, in __init__
[23.572s]     release=tuple(int(i) for i in match.group("release").split(".")),
[23.572s]   File "/home/eleclabs/.local/lib/python3.10/site-packages/pkg_resources/_vendor/packaging/version.py", line 282, in <genexpr>
[23.572s]     release=tuple(int(i) for i in match.group("release").split(".")),
[23.572s] KeyboardInterrupt
