[4.507s] Invoking command in '/home/eleclabs/ros2_ws/src/my_camera': PYTHONPATH=/home/eleclabs/ros2_ws/build/my_camera/prefix_override:/usr/lib/python3/dist-packages/colcon_core/task/python/colcon_distutils_commands:/home/eleclabs/ros2_ws/install/my_camera/lib/python3.10/site-packages:${PYTHONPATH} /usr/bin/python3 -W ignore:setup.py install is deprecated setup.py egg_info --egg-base ../../build/my_camera build --build-base /home/eleclabs/ros2_ws/build/my_camera/build install --record /home/eleclabs/ros2_ws/build/my_camera/install.log --single-version-externally-managed install_data
[5.235s] running egg_info
[5.237s] writing ../../build/my_camera/my_camera.egg-info/PKG-INFO
[5.238s] writing dependency_links to ../../build/my_camera/my_camera.egg-info/dependency_links.txt
[5.239s] writing entry points to ../../build/my_camera/my_camera.egg-info/entry_points.txt
[5.240s] writing requirements to ../../build/my_camera/my_camera.egg-info/requires.txt
[5.240s] writing top-level names to ../../build/my_camera/my_camera.egg-info/top_level.txt
[5.245s] reading manifest file '../../build/my_camera/my_camera.egg-info/SOURCES.txt'
[5.246s] adding license file 'LICENSE'
[5.250s] writing manifest file '../../build/my_camera/my_camera.egg-info/SOURCES.txt'
[5.251s] running build
[5.252s] running build_py
[5.254s] running install
[5.255s] running install_lib
[5.260s] running install_data
[5.262s] running install_egg_info
[5.268s] removing '/home/eleclabs/ros2_ws/install/my_camera/lib/python3.10/site-packages/my_camera-0.0.0-py3.10.egg-info' (and everything under it)
[5.269s] Copying ../../build/my_camera/my_camera.egg-info to /home/eleclabs/ros2_ws/install/my_camera/lib/python3.10/site-packages/my_camera-0.0.0-py3.10.egg-info
[5.275s] running install_scripts
[5.319s] Installing ip_stream_node script to /home/eleclabs/ros2_ws/install/my_camera/lib/my_camera
[5.320s] Installing usbcam_node script to /home/eleclabs/ros2_ws/install/my_camera/lib/my_camera
[5.321s] Installing webcam_node script to /home/eleclabs/ros2_ws/install/my_camera/lib/my_camera
[5.321s] writing list of installed files to '/home/eleclabs/ros2_ws/build/my_camera/install.log'
[5.393s] Invoked command in '/home/eleclabs/ros2_ws/src/my_camera' returned '0': PYTHONPATH=/home/eleclabs/ros2_ws/build/my_camera/prefix_override:/usr/lib/python3/dist-packages/colcon_core/task/python/colcon_distutils_commands:/home/eleclabs/ros2_ws/install/my_camera/lib/python3.10/site-packages:${PYTHONPATH} /usr/bin/python3 -W ignore:setup.py install is deprecated setup.py egg_info --egg-base ../../build/my_camera build --build-base /home/eleclabs/ros2_ws/build/my_camera/build install --record /home/eleclabs/ros2_ws/build/my_camera/install.log --single-version-externally-managed install_data
