running develop
Removing /home/eleclabs/ros2_ws/install/my_camera/lib/python3.10/site-packages/my-camera.egg-link (link to .)
running egg_info
writing ../../build/my_camera/my_camera.egg-info/PKG-INFO
writing dependency_links to ../../build/my_camera/my_camera.egg-info/dependency_links.txt
writing entry points to ../../build/my_camera/my_camera.egg-info/entry_points.txt
writing requirements to ../../build/my_camera/my_camera.egg-info/requires.txt
writing top-level names to ../../build/my_camera/my_camera.egg-info/top_level.txt
reading manifest file '../../build/my_camera/my_camera.egg-info/SOURCES.txt'
adding license file 'LICENSE'
writing manifest file '../../build/my_camera/my_camera.egg-info/SOURCES.txt'
running build
running build_py
running install
running install_lib
creating /home/eleclabs/ros2_ws/install/my_camera/lib/python3.10/site-packages/my_camera
copying /home/eleclabs/ros2_ws/build/my_camera/build/lib/my_camera/__init__.py -> /home/eleclabs/ros2_ws/install/my_camera/lib/python3.10/site-packages/my_camera
copying /home/eleclabs/ros2_ws/build/my_camera/build/lib/my_camera/webcam_node.py -> /home/eleclabs/ros2_ws/install/my_camera/lib/python3.10/site-packages/my_camera
copying /home/eleclabs/ros2_ws/build/my_camera/build/lib/my_camera/usbcam_node.py -> /home/eleclabs/ros2_ws/install/my_camera/lib/python3.10/site-packages/my_camera
copying /home/eleclabs/ros2_ws/build/my_camera/build/lib/my_camera/ip_stream_node.py -> /home/eleclabs/ros2_ws/install/my_camera/lib/python3.10/site-packages/my_camera
byte-compiling /home/eleclabs/ros2_ws/install/my_camera/lib/python3.10/site-packages/my_camera/__init__.py to __init__.cpython-310.pyc
byte-compiling /home/eleclabs/ros2_ws/install/my_camera/lib/python3.10/site-packages/my_camera/webcam_node.py to webcam_node.cpython-310.pyc
byte-compiling /home/eleclabs/ros2_ws/install/my_camera/lib/python3.10/site-packages/my_camera/usbcam_node.py to usbcam_node.cpython-310.pyc
byte-compiling /home/eleclabs/ros2_ws/install/my_camera/lib/python3.10/site-packages/my_camera/ip_stream_node.py to ip_stream_node.cpython-310.pyc
running install_data
copying resource/my_camera -> /home/eleclabs/ros2_ws/install/my_camera/share/ament_index/resource_index/packages
copying package.xml -> /home/eleclabs/ros2_ws/install/my_camera/share/my_camera
running install_egg_info
Copying ../../build/my_camera/my_camera.egg-info to /home/eleclabs/ros2_ws/install/my_camera/lib/python3.10/site-packages/my_camera-0.0.0-py3.10.egg-info
running install_scripts
Installing ip_stream_node script to /home/eleclabs/ros2_ws/install/my_camera/lib/my_camera
Installing usbcam_node script to /home/eleclabs/ros2_ws/install/my_camera/lib/my_camera
Installing webcam_node script to /home/eleclabs/ros2_ws/install/my_camera/lib/my_camera
writing list of installed files to '/home/eleclabs/ros2_ws/build/my_camera/install.log'
