[1.200s] Invoking command in '/home/eleclabs/ros2_ws/build/my_camera': PYTHONPATH=/home/eleclabs/ros2_ws/build/my_camera/prefix_override:/usr/lib/python3/dist-packages/colcon_core/task/python/colcon_distutils_commands:/home/eleclabs/ros2_ws/install/my_camera/lib/python3.10/site-packages:${PYTHONPATH} /usr/bin/python3 -W ignore:setup.py install is deprecated setup.py develop --uninstall --editable --build-directory /home/eleclabs/ros2_ws/build/my_camera/build
[1.457s] running develop
[1.724s] Removing /home/eleclabs/ros2_ws/install/my_camera/lib/python3.10/site-packages/my-camera.egg-link (link to .)
[1.754s] Invoked command in '/home/eleclabs/ros2_ws/build/my_camera' returned '0': PYTHONPATH=/home/eleclabs/ros2_ws/build/my_camera/prefix_override:/usr/lib/python3/dist-packages/colcon_core/task/python/colcon_distutils_commands:/home/eleclabs/ros2_ws/install/my_camera/lib/python3.10/site-packages:${PYTHONPATH} /usr/bin/python3 -W ignore:setup.py install is deprecated setup.py develop --uninstall --editable --build-directory /home/eleclabs/ros2_ws/build/my_camera/build
[1.755s] Invoking command in '/home/eleclabs/ros2_ws/src/my_camera': PYTHONPATH=/home/eleclabs/ros2_ws/build/my_camera/prefix_override:/usr/lib/python3/dist-packages/colcon_core/task/python/colcon_distutils_commands:/home/eleclabs/ros2_ws/install/my_camera/lib/python3.10/site-packages:${PYTHONPATH} /usr/bin/python3 -W ignore:setup.py install is deprecated setup.py egg_info --egg-base ../../build/my_camera build --build-base /home/eleclabs/ros2_ws/build/my_camera/build install --record /home/eleclabs/ros2_ws/build/my_camera/install.log --single-version-externally-managed install_data --force
[1.966s] running egg_info
[1.967s] writing ../../build/my_camera/my_camera.egg-info/PKG-INFO
[1.967s] writing dependency_links to ../../build/my_camera/my_camera.egg-info/dependency_links.txt
[1.967s] writing entry points to ../../build/my_camera/my_camera.egg-info/entry_points.txt
[1.968s] writing requirements to ../../build/my_camera/my_camera.egg-info/requires.txt
[1.968s] writing top-level names to ../../build/my_camera/my_camera.egg-info/top_level.txt
[1.969s] reading manifest file '../../build/my_camera/my_camera.egg-info/SOURCES.txt'
[1.970s] adding license file 'LICENSE'
[1.970s] writing manifest file '../../build/my_camera/my_camera.egg-info/SOURCES.txt'
[1.971s] running build
[1.971s] running build_py
[1.972s] running install
[1.973s] running install_lib
[1.973s] creating /home/eleclabs/ros2_ws/install/my_camera/lib/python3.10/site-packages/my_camera
[1.974s] copying /home/eleclabs/ros2_ws/build/my_camera/build/lib/my_camera/__init__.py -> /home/eleclabs/ros2_ws/install/my_camera/lib/python3.10/site-packages/my_camera
[1.974s] copying /home/eleclabs/ros2_ws/build/my_camera/build/lib/my_camera/webcam_node.py -> /home/eleclabs/ros2_ws/install/my_camera/lib/python3.10/site-packages/my_camera
[1.974s] copying /home/eleclabs/ros2_ws/build/my_camera/build/lib/my_camera/usbcam_node.py -> /home/eleclabs/ros2_ws/install/my_camera/lib/python3.10/site-packages/my_camera
[1.975s] copying /home/eleclabs/ros2_ws/build/my_camera/build/lib/my_camera/ip_stream_node.py -> /home/eleclabs/ros2_ws/install/my_camera/lib/python3.10/site-packages/my_camera
[1.975s] byte-compiling /home/eleclabs/ros2_ws/install/my_camera/lib/python3.10/site-packages/my_camera/__init__.py to __init__.cpython-310.pyc
[1.977s] byte-compiling /home/eleclabs/ros2_ws/install/my_camera/lib/python3.10/site-packages/my_camera/webcam_node.py to webcam_node.cpython-310.pyc
[1.977s] byte-compiling /home/eleclabs/ros2_ws/install/my_camera/lib/python3.10/site-packages/my_camera/usbcam_node.py to usbcam_node.cpython-310.pyc
[1.977s] byte-compiling /home/eleclabs/ros2_ws/install/my_camera/lib/python3.10/site-packages/my_camera/ip_stream_node.py to ip_stream_node.cpython-310.pyc
[1.978s] running install_data
[1.978s] copying resource/my_camera -> /home/eleclabs/ros2_ws/install/my_camera/share/ament_index/resource_index/packages
[1.978s] copying package.xml -> /home/eleclabs/ros2_ws/install/my_camera/share/my_camera
[1.979s] running install_egg_info
[1.980s] Copying ../../build/my_camera/my_camera.egg-info to /home/eleclabs/ros2_ws/install/my_camera/lib/python3.10/site-packages/my_camera-0.0.0-py3.10.egg-info
[1.981s] running install_scripts
[1.998s] Installing ip_stream_node script to /home/eleclabs/ros2_ws/install/my_camera/lib/my_camera
[1.998s] Installing usbcam_node script to /home/eleclabs/ros2_ws/install/my_camera/lib/my_camera
[1.998s] Installing webcam_node script to /home/eleclabs/ros2_ws/install/my_camera/lib/my_camera
[1.999s] writing list of installed files to '/home/eleclabs/ros2_ws/build/my_camera/install.log'
[2.031s] Invoked command in '/home/eleclabs/ros2_ws/src/my_camera' returned '0': PYTHONPATH=/home/eleclabs/ros2_ws/build/my_camera/prefix_override:/usr/lib/python3/dist-packages/colcon_core/task/python/colcon_distutils_commands:/home/eleclabs/ros2_ws/install/my_camera/lib/python3.10/site-packages:${PYTHONPATH} /usr/bin/python3 -W ignore:setup.py install is deprecated setup.py egg_info --egg-base ../../build/my_camera build --build-base /home/eleclabs/ros2_ws/build/my_camera/build install --record /home/eleclabs/ros2_ws/build/my_camera/install.log --single-version-externally-managed install_data --force
