[0.219s] Invoking command in '/home/eleclabs/ros2_ws/build/examples_rclcpp_multithreaded_executor': CMAKE_PREFIX_PATH=${CMAKE_PREFIX_PATH}:/home/eleclabs/ros2_ws/install/mypkg:/home/eleclabs/ros2_ws/install/my_robot_controller:/home/eleclabs/ros2_ws/install/my_camera:/opt/ros/humble /usr/bin/cmake /home/eleclabs/ros2_ws/src/examples/rclcpp/executors/multithreaded_executor -DCMAKE_INSTALL_PREFIX=/home/eleclabs/ros2_ws/install/examples_rclcpp_multithreaded_executor
[3.873s] -- Found ament_cmake: 1.3.10 (/opt/ros/humble/share/ament_cmake/cmake)
[3.884s] -- Override CMake install command with custom implementation using symlinks instead of copying resources
[3.884s] -- Found rclcpp: 16.0.10 (/opt/ros/humble/share/rclcpp/cmake)
[3.884s] -- Found rosidl_generator_c: 3.1.5 (/opt/ros/humble/share/rosidl_generator_c/cmake)
[3.884s] -- Found rosidl_adapter: 3.1.5 (/opt/ros/humble/share/rosidl_adapter/cmake)
[3.885s] -- Found rosidl_generator_cpp: 3.1.5 (/opt/ros/humble/share/rosidl_generator_cpp/cmake)
[3.885s] -- Using all available rosidl_typesupport_c: rosidl_typesupport_fastrtps_c;rosidl_typesupport_introspection_c
[3.885s] -- Using all available rosidl_typesupport_cpp: rosidl_typesupport_fastrtps_cpp;rosidl_typesupport_introspection_cpp
[3.885s] -- Found rmw_implementation_cmake: 6.1.2 (/opt/ros/humble/share/rmw_implementation_cmake/cmake)
[3.885s] -- Found rmw_cyclonedds_cpp: 1.3.4 (/opt/ros/humble/share/rmw_cyclonedds_cpp/cmake)
[3.886s] -- Using RMW implementation 'rmw_cyclonedds_cpp' as default
[3.886s] -- Found ament_lint_auto: 0.12.11 (/opt/ros/humble/share/ament_lint_auto/cmake)
[3.886s] -- Added test 'copyright' to check source files copyright and LICENSE
[3.886s] -- Added test 'cppcheck' to perform static code analysis on C / C++ code
[3.886s] -- Configured cppcheck include dirs: 
[3.886s] -- Configured cppcheck exclude dirs and/or files: 
[3.887s] -- Added test 'cpplint' to check C / C++ code against the Google style
[3.887s] -- Configured cpplint exclude dirs and/or files: 
[3.887s] -- Added test 'lint_cmake' to check CMake code style
[3.887s] -- Added test 'uncrustify' to check C / C++ code style
[3.887s] -- Configured uncrustify additional arguments: 
[3.888s] -- Added test 'xmllint' to check XML markup files
[3.888s] -- Configuring done
[3.889s] -- Generating done
[3.889s] -- Build files have been written to: /home/eleclabs/ros2_ws/build/examples_rclcpp_multithreaded_executor
[3.930s] Invoked command in '/home/eleclabs/ros2_ws/build/examples_rclcpp_multithreaded_executor' returned '0': CMAKE_PREFIX_PATH=${CMAKE_PREFIX_PATH}:/home/eleclabs/ros2_ws/install/mypkg:/home/eleclabs/ros2_ws/install/my_robot_controller:/home/eleclabs/ros2_ws/install/my_camera:/opt/ros/humble /usr/bin/cmake /home/eleclabs/ros2_ws/src/examples/rclcpp/executors/multithreaded_executor -DCMAKE_INSTALL_PREFIX=/home/eleclabs/ros2_ws/install/examples_rclcpp_multithreaded_executor
[3.934s] Invoking command in '/home/eleclabs/ros2_ws/build/examples_rclcpp_multithreaded_executor': CMAKE_PREFIX_PATH=${CMAKE_PREFIX_PATH}:/home/eleclabs/ros2_ws/install/mypkg:/home/eleclabs/ros2_ws/install/my_robot_controller:/home/eleclabs/ros2_ws/install/my_camera:/opt/ros/humble /usr/bin/cmake --build /home/eleclabs/ros2_ws/build/examples_rclcpp_multithreaded_executor -- -j16 -l16
[4.271s] [ 50%] [32mBuilding CXX object CMakeFiles/multithreaded_executor.dir/multithreaded_executor.cpp.o[0m
[33.930s] gmake[2]: *** [CMakeFiles/multithreaded_executor.dir/build.make:76: CMakeFiles/multithreaded_executor.dir/multithreaded_executor.cpp.o] Interrupt
[34.093s] gmake[1]: *** [CMakeFiles/Makefile2:137: CMakeFiles/multithreaded_executor.dir/all] Interrupt
[34.093s] gmake: *** [Makefile:146: all] Interrupt
