[0.711s] Invoking command in '/home/eleclabs/ros2_ws/src/mypkg': PYTHONPATH=/home/eleclabs/ros2_ws/build/mypkg/prefix_override:/usr/lib/python3/dist-packages/colcon_core/task/python/colcon_distutils_commands:/home/eleclabs/ros2_ws/install/mypkg/lib/python3.10/site-packages:${PYTHONPATH} /usr/bin/python3 -W ignore:setup.py install is deprecated setup.py egg_info --egg-base ../../build/mypkg build --build-base /home/eleclabs/ros2_ws/build/mypkg/build install --record /home/eleclabs/ros2_ws/build/mypkg/install.log --single-version-externally-managed install_data
[0.897s] running egg_info
[0.898s] writing ../../build/mypkg/mypkg.egg-info/PKG-INFO
[0.898s] writing dependency_links to ../../build/mypkg/mypkg.egg-info/dependency_links.txt
[0.898s] writing entry points to ../../build/mypkg/mypkg.egg-info/entry_points.txt
[0.899s] writing requirements to ../../build/mypkg/mypkg.egg-info/requires.txt
[0.899s] writing top-level names to ../../build/mypkg/mypkg.egg-info/top_level.txt
[0.900s] reading manifest file '../../build/mypkg/mypkg.egg-info/SOURCES.txt'
[0.901s] writing manifest file '../../build/mypkg/mypkg.egg-info/SOURCES.txt'
[0.901s] running build
[0.901s] running build_py
[0.902s] running install
[0.902s] running install_lib
[0.903s] running install_data
[0.903s] running install_egg_info
[0.904s] removing '/home/eleclabs/ros2_ws/install/mypkg/lib/python3.10/site-packages/mypkg-0.0.0-py3.10.egg-info' (and everything under it)
[0.905s] Copying ../../build/mypkg/mypkg.egg-info to /home/eleclabs/ros2_ws/install/mypkg/lib/python3.10/site-packages/mypkg-0.0.0-py3.10.egg-info
[0.906s] running install_scripts
[0.922s] Installing first_publisher script to /home/eleclabs/ros2_ws/install/mypkg/lib/mypkg
[0.923s] writing list of installed files to '/home/eleclabs/ros2_ws/build/mypkg/install.log'
[0.940s] Invoked command in '/home/eleclabs/ros2_ws/src/mypkg' returned '0': PYTHONPATH=/home/eleclabs/ros2_ws/build/mypkg/prefix_override:/usr/lib/python3/dist-packages/colcon_core/task/python/colcon_distutils_commands:/home/eleclabs/ros2_ws/install/mypkg/lib/python3.10/site-packages:${PYTHONPATH} /usr/bin/python3 -W ignore:setup.py install is deprecated setup.py egg_info --egg-base ../../build/mypkg build --build-base /home/eleclabs/ros2_ws/build/mypkg/build install --record /home/eleclabs/ros2_ws/build/mypkg/install.log --single-version-externally-managed install_data
