[1.782s] Invoking command in '/home/eleclabs/ros2_ws/src/my_robot_controller': PYTHONPATH=/home/eleclabs/ros2_ws/build/my_robot_controller/prefix_override:/usr/lib/python3/dist-packages/colcon_core/task/python/colcon_distutils_commands:/home/eleclabs/ros2_ws/install/my_robot_controller/lib/python3.10/site-packages:${PYTHONPATH} /usr/bin/python3 -W ignore:setup.py install is deprecated setup.py egg_info --egg-base ../../build/my_robot_controller build --build-base /home/eleclabs/ros2_ws/build/my_robot_controller/build install --record /home/eleclabs/ros2_ws/build/my_robot_controller/install.log --single-version-externally-managed install_data
[2.022s] running egg_info
[2.022s] writing ../../build/my_robot_controller/my_robot_controller.egg-info/PKG-INFO
[2.024s] writing dependency_links to ../../build/my_robot_controller/my_robot_controller.egg-info/dependency_links.txt
[2.024s] writing entry points to ../../build/my_robot_controller/my_robot_controller.egg-info/entry_points.txt
[2.024s] writing requirements to ../../build/my_robot_controller/my_robot_controller.egg-info/requires.txt
[2.024s] writing top-level names to ../../build/my_robot_controller/my_robot_controller.egg-info/top_level.txt
[2.028s] reading manifest file '../../build/my_robot_controller/my_robot_controller.egg-info/SOURCES.txt'
[2.029s] writing manifest file '../../build/my_robot_controller/my_robot_controller.egg-info/SOURCES.txt'
[2.029s] running build
[2.029s] running build_py
[2.031s] running install
[2.031s] running install_lib
[2.033s] running install_data
[2.033s] running install_egg_info
[2.035s] removing '/home/eleclabs/ros2_ws/install/my_robot_controller/lib/python3.10/site-packages/my_robot_controller-0.0.0-py3.10.egg-info' (and everything under it)
[2.035s] Copying ../../build/my_robot_controller/my_robot_controller.egg-info to /home/eleclabs/ros2_ws/install/my_robot_controller/lib/python3.10/site-packages/my_robot_controller-0.0.0-py3.10.egg-info
[2.037s] running install_scripts
[2.056s] Installing test_node script to /home/eleclabs/ros2_ws/install/my_robot_controller/lib/my_robot_controller
[2.058s] writing list of installed files to '/home/eleclabs/ros2_ws/build/my_robot_controller/install.log'
[2.096s] Invoked command in '/home/eleclabs/ros2_ws/src/my_robot_controller' returned '0': PYTHONPATH=/home/eleclabs/ros2_ws/build/my_robot_controller/prefix_override:/usr/lib/python3/dist-packages/colcon_core/task/python/colcon_distutils_commands:/home/eleclabs/ros2_ws/install/my_robot_controller/lib/python3.10/site-packages:${PYTHONPATH} /usr/bin/python3 -W ignore:setup.py install is deprecated setup.py egg_info --egg-base ../../build/my_robot_controller build --build-base /home/eleclabs/ros2_ws/build/my_robot_controller/build install --record /home/eleclabs/ros2_ws/build/my_robot_controller/install.log --single-version-externally-managed install_data
