[0.305s] Invoking command in '/home/eleclabs/ros2_ws/build/examples_rclcpp_minimal_composition': CMAKE_PREFIX_PATH=${CMAKE_PREFIX_PATH}:/home/eleclabs/ros2_ws/install/mypkg:/home/eleclabs/ros2_ws/install/my_robot_controller:/home/eleclabs/ros2_ws/install/my_camera:/opt/ros/humble /usr/bin/cmake /home/eleclabs/ros2_ws/src/examples/rclcpp/composition/minimal_composition -DAMENT_CMAKE_SYMLINK_INSTALL=1 -DCMAKE_INSTALL_PREFIX=/home/eleclabs/ros2_ws/install/examples_rclcpp_minimal_composition
[3.912s] -- The C compiler identification is GNU 11.4.0
[3.916s] -- The CXX compiler identification is GNU 11.4.0
[3.917s] -- Detecting C compiler ABI info
[3.918s] -- Detecting C compiler ABI info - done
[3.920s] -- Check for working C compiler: /usr/bin/cc - skipped
[3.920s] -- Detecting C compile features
[3.921s] -- Detecting C compile features - done
[3.921s] -- Detecting CXX compiler ABI info
[3.922s] -- Detecting CXX compiler ABI info - done
[3.922s] -- Check for working CXX compiler: /usr/bin/c++ - skipped
[3.923s] -- Detecting CXX compile features
[3.923s] -- Detecting CXX compile features - done
[3.924s] -- Found ament_cmake: 1.3.10 (/opt/ros/humble/share/ament_cmake/cmake)
[4.236s] -- Found Python3: /usr/bin/python3 (found version "3.10.12") found components: Interpreter 
[4.444s] -- Override CMake install command with custom implementation using symlinks instead of copying resources
[4.574s] -- Found rclcpp: 16.0.10 (/opt/ros/humble/share/rclcpp/cmake)
[5.115s] -- Found rosidl_generator_c: 3.1.5 (/opt/ros/humble/share/rosidl_generator_c/cmake)
[5.143s] -- Found rosidl_adapter: 3.1.5 (/opt/ros/humble/share/rosidl_adapter/cmake)
[5.189s] -- Found rosidl_generator_cpp: 3.1.5 (/opt/ros/humble/share/rosidl_generator_cpp/cmake)
[5.269s] -- Using all available rosidl_typesupport_c: rosidl_typesupport_fastrtps_c;rosidl_typesupport_introspection_c
[5.351s] -- Using all available rosidl_typesupport_cpp: rosidl_typesupport_fastrtps_cpp;rosidl_typesupport_introspection_cpp
[5.586s] -- Found rmw_implementation_cmake: 6.1.2 (/opt/ros/humble/share/rmw_implementation_cmake/cmake)
[5.603s] -- Found rmw_cyclonedds_cpp: 1.3.4 (/opt/ros/humble/share/rmw_cyclonedds_cpp/cmake)
[5.731s] -- Using RMW implementation 'rmw_cyclonedds_cpp' as default
[5.781s] -- Looking for pthread.h
[6.193s] -- Looking for pthread.h - found
[6.193s] -- Performing Test CMAKE_HAVE_LIBC_PTHREAD
[6.548s] -- Performing Test CMAKE_HAVE_LIBC_PTHREAD - Success
[6.550s] -- Found Threads: TRUE  
[6.896s] -- Found rclcpp_components: 16.0.10 (/opt/ros/humble/share/rclcpp_components/cmake)
[7.093s] -- Found ament_lint_auto: 0.12.11 (/opt/ros/humble/share/ament_lint_auto/cmake)
[7.442s] -- Added test 'copyright' to check source files copyright and LICENSE
[7.442s] -- Added test 'cppcheck' to perform static code analysis on C / C++ code
[7.443s] -- Configured cppcheck include dirs: /home/eleclabs/ros2_ws/src/examples/rclcpp/composition/minimal_composition/include
[7.443s] -- Configured cppcheck exclude dirs and/or files: 
[7.444s] -- Added test 'cpplint' to check C / C++ code against the Google style
[7.445s] -- Configured cpplint exclude dirs and/or files: 
[7.446s] -- Added test 'lint_cmake' to check CMake code style
[7.473s] -- Added test 'uncrustify' to check C / C++ code style
[7.473s] -- Configured uncrustify additional arguments: 
[7.474s] -- Added test 'xmllint' to check XML markup files
[7.479s] -- Configuring done
[7.529s] -- Generating done
[7.530s] -- Build files have been written to: /home/eleclabs/ros2_ws/build/examples_rclcpp_minimal_composition
[7.596s] Invoked command in '/home/eleclabs/ros2_ws/build/examples_rclcpp_minimal_composition' returned '0': CMAKE_PREFIX_PATH=${CMAKE_PREFIX_PATH}:/home/eleclabs/ros2_ws/install/mypkg:/home/eleclabs/ros2_ws/install/my_robot_controller:/home/eleclabs/ros2_ws/install/my_camera:/opt/ros/humble /usr/bin/cmake /home/eleclabs/ros2_ws/src/examples/rclcpp/composition/minimal_composition -DAMENT_CMAKE_SYMLINK_INSTALL=1 -DCMAKE_INSTALL_PREFIX=/home/eleclabs/ros2_ws/install/examples_rclcpp_minimal_composition
[7.610s] Invoking command in '/home/eleclabs/ros2_ws/build/examples_rclcpp_minimal_composition': CMAKE_PREFIX_PATH=${CMAKE_PREFIX_PATH}:/home/eleclabs/ros2_ws/install/mypkg:/home/eleclabs/ros2_ws/install/my_robot_controller:/home/eleclabs/ros2_ws/install/my_camera:/opt/ros/humble /usr/bin/cmake --build /home/eleclabs/ros2_ws/build/examples_rclcpp_minimal_composition -- -j16 -l16
[8.951s] [ 11%] [32mBuilding CXX object CMakeFiles/composition_nodes.dir/src/publisher_node.cpp.o[0m
[8.951s] [ 22%] [32mBuilding CXX object CMakeFiles/composition_nodes.dir/src/subscriber_node.cpp.o[0m
[352.959s] [ 33%] [32m[1mLinking CXX shared library libcomposition_nodes.so[0m
[354.336s] [ 33%] Built target composition_nodes
[354.419s] [ 44%] [32mBuilding CXX object CMakeFiles/composition_publisher.dir/src/standalone_publisher.cpp.o[0m
[361.331s] [ 55%] [32m[1mLinking CXX executable composition_publisher[0m
[361.935s] [ 55%] Built target composition_publisher
[361.981s] [ 66%] [32mBuilding CXX object CMakeFiles/composition_composed.dir/src/composed.cpp.o[0m
[370.122s] [ 77%] [32m[1mLinking CXX executable composition_composed[0m
[370.679s] [ 77%] Built target composition_composed
[370.737s] [ 88%] [32mBuilding CXX object CMakeFiles/composition_subscriber.dir/src/standalone_subscriber.cpp.o[0m
[376.640s] [100%] [32m[1mLinking CXX executable composition_subscriber[0m
[377.142s] [100%] Built target composition_subscriber
