[0.305s] Invoking command in '/home/eleclabs/ros2_ws/build/examples_rclcpp_minimal_action_server': CMAKE_PREFIX_PATH=${CMAKE_PREFIX_PATH}:/home/eleclabs/ros2_ws/install/mypkg:/home/eleclabs/ros2_ws/install/my_robot_controller:/home/eleclabs/ros2_ws/install/my_camera:/opt/ros/humble /usr/bin/cmake /home/eleclabs/ros2_ws/src/examples/rclcpp/actions/minimal_action_server -DAMENT_CMAKE_SYMLINK_INSTALL=1 -DCMAKE_INSTALL_PREFIX=/home/eleclabs/ros2_ws/install/examples_rclcpp_minimal_action_server
[3.906s] -- The C compiler identification is GNU 11.4.0
[3.908s] -- The CXX compiler identification is GNU 11.4.0
[3.909s] -- Detecting C compiler ABI info
[3.909s] -- Detecting C compiler ABI info - done
[3.910s] -- Check for working C compiler: /usr/bin/cc - skipped
[3.910s] -- Detecting C compile features
[3.911s] -- Detecting C compile features - done
[3.912s] -- Detecting CXX compiler ABI info
[3.913s] -- Detecting CXX compiler ABI info - done
[3.913s] -- Check for working CXX compiler: /usr/bin/c++ - skipped
[3.914s] -- Detecting CXX compile features
[3.915s] -- Detecting CXX compile features - done
[3.915s] -- Found ament_cmake: 1.3.10 (/opt/ros/humble/share/ament_cmake/cmake)
[3.985s] -- Found Python3: /usr/bin/python3 (found version "3.10.12") found components: Interpreter 
[4.290s] -- Override CMake install command with custom implementation using symlinks instead of copying resources
[4.513s] -- Found example_interfaces: 0.9.3 (/opt/ros/humble/share/example_interfaces/cmake)
[5.141s] -- Found rosidl_generator_c: 3.1.5 (/opt/ros/humble/share/rosidl_generator_c/cmake)
[5.168s] -- Found rosidl_adapter: 3.1.5 (/opt/ros/humble/share/rosidl_adapter/cmake)
[5.213s] -- Found rosidl_generator_cpp: 3.1.5 (/opt/ros/humble/share/rosidl_generator_cpp/cmake)
[5.297s] -- Using all available rosidl_typesupport_c: rosidl_typesupport_fastrtps_c;rosidl_typesupport_introspection_c
[5.379s] -- Using all available rosidl_typesupport_cpp: rosidl_typesupport_fastrtps_cpp;rosidl_typesupport_introspection_cpp
[5.616s] -- Found rclcpp: 16.0.10 (/opt/ros/humble/share/rclcpp/cmake)
[5.755s] -- Found rmw_implementation_cmake: 6.1.2 (/opt/ros/humble/share/rmw_implementation_cmake/cmake)
[5.765s] -- Found rmw_cyclonedds_cpp: 1.3.4 (/opt/ros/humble/share/rmw_cyclonedds_cpp/cmake)
[5.853s] -- Using RMW implementation 'rmw_cyclonedds_cpp' as default
[5.890s] -- Looking for pthread.h
[6.234s] -- Looking for pthread.h - found
[6.234s] -- Performing Test CMAKE_HAVE_LIBC_PTHREAD
[6.608s] -- Performing Test CMAKE_HAVE_LIBC_PTHREAD - Success
[6.611s] -- Found Threads: TRUE  
[6.921s] -- Found rclcpp_action: 16.0.10 (/opt/ros/humble/share/rclcpp_action/cmake)
[6.995s] -- Found ament_lint_auto: 0.12.11 (/opt/ros/humble/share/ament_lint_auto/cmake)
[7.357s] -- Added test 'copyright' to check source files copyright and LICENSE
[7.365s] -- Added test 'cppcheck' to perform static code analysis on C / C++ code
[7.365s] -- Configured cppcheck include dirs: 
[7.366s] -- Configured cppcheck exclude dirs and/or files: 
[7.368s] -- Added test 'cpplint' to check C / C++ code against the Google style
[7.368s] -- Configured cpplint exclude dirs and/or files: 
[7.369s] -- Added test 'lint_cmake' to check CMake code style
[7.371s] -- Added test 'uncrustify' to check C / C++ code style
[7.371s] -- Configured uncrustify additional arguments: 
[7.373s] -- Added test 'xmllint' to check XML markup files
[7.379s] -- Configuring done
[7.458s] -- Generating done
[7.467s] -- Build files have been written to: /home/eleclabs/ros2_ws/build/examples_rclcpp_minimal_action_server
[7.563s] Invoked command in '/home/eleclabs/ros2_ws/build/examples_rclcpp_minimal_action_server' returned '0': CMAKE_PREFIX_PATH=${CMAKE_PREFIX_PATH}:/home/eleclabs/ros2_ws/install/mypkg:/home/eleclabs/ros2_ws/install/my_robot_controller:/home/eleclabs/ros2_ws/install/my_camera:/opt/ros/humble /usr/bin/cmake /home/eleclabs/ros2_ws/src/examples/rclcpp/actions/minimal_action_server -DAMENT_CMAKE_SYMLINK_INSTALL=1 -DCMAKE_INSTALL_PREFIX=/home/eleclabs/ros2_ws/install/examples_rclcpp_minimal_action_server
[7.564s] Invoking command in '/home/eleclabs/ros2_ws/build/examples_rclcpp_minimal_action_server': CMAKE_PREFIX_PATH=${CMAKE_PREFIX_PATH}:/home/eleclabs/ros2_ws/install/mypkg:/home/eleclabs/ros2_ws/install/my_robot_controller:/home/eleclabs/ros2_ws/install/my_camera:/opt/ros/humble /usr/bin/cmake --build /home/eleclabs/ros2_ws/build/examples_rclcpp_minimal_action_server -- -j16 -l16
[8.022s] [ 25%] [32mBuilding CXX object CMakeFiles/action_server_not_composable.dir/not_composable.cpp.o[0m
[8.023s] [ 50%] [32mBuilding CXX object CMakeFiles/action_server_member_functions.dir/member_functions.cpp.o[0m
[335.022s] [ 75%] [32m[1mLinking CXX executable action_server_not_composable[0m
[335.046s] [100%] [32m[1mLinking CXX executable action_server_member_functions[0m
[336.017s] [100%] Built target action_server_not_composable
[336.091s] [100%] Built target action_server_member_functions
