[14.152s] Invoking command in '/home/eleclabs/ros2_ws/build/examples_rclpy_executors': PYTHONPATH=/home/eleclabs/ros2_ws/build/examples_rclpy_executors/prefix_override:/usr/lib/python3/dist-packages/colcon_core/task/python/colcon_distutils_commands:/home/eleclabs/ros2_ws/install/examples_rclpy_executors/lib/python3.10/site-packages:${PYTHONPATH} /usr/bin/python3 -W ignore:setup.py install is deprecated setup.py develop --uninstall --editable --build-directory /home/eleclabs/ros2_ws/build/examples_rclpy_executors/build
[26.406s] running develop
[26.409s] Removing /home/eleclabs/ros2_ws/install/examples_rclpy_executors/lib/python3.10/site-packages/examples-rclpy-executors.egg-link (link to .)
[26.929s] Invoked command in '/home/eleclabs/ros2_ws/build/examples_rclpy_executors' returned '0': PYTHONPATH=/home/eleclabs/ros2_ws/build/examples_rclpy_executors/prefix_override:/usr/lib/python3/dist-packages/colcon_core/task/python/colcon_distutils_commands:/home/eleclabs/ros2_ws/install/examples_rclpy_executors/lib/python3.10/site-packages:${PYTHONPATH} /usr/bin/python3 -W ignore:setup.py install is deprecated setup.py develop --uninstall --editable --build-directory /home/eleclabs/ros2_ws/build/examples_rclpy_executors/build
[26.935s] Invoking command in '/home/eleclabs/ros2_ws/src/examples/rclpy/executors': PYTHONPATH=/home/eleclabs/ros2_ws/build/examples_rclpy_executors/prefix_override:/usr/lib/python3/dist-packages/colcon_core/task/python/colcon_distutils_commands:/home/eleclabs/ros2_ws/install/examples_rclpy_executors/lib/python3.10/site-packages:${PYTHONPATH} /usr/bin/python3 -W ignore:setup.py install is deprecated setup.py egg_info --egg-base ../../../../build/examples_rclpy_executors build --build-base /home/eleclabs/ros2_ws/build/examples_rclpy_executors/build install --record /home/eleclabs/ros2_ws/build/examples_rclpy_executors/install.log --single-version-externally-managed install_data --force
[34.185s] Traceback (most recent call last):
[34.186s]   File "/home/eleclabs/ros2_ws/src/examples/rclpy/executors/setup.py", line 1, in <module>
[34.186s]     from setuptools import setup
[34.186s]   File "/home/eleclabs/.local/lib/python3.10/site-packages/setuptools/__init__.py", line 16, in <module>
[34.186s]     import setuptools.version
[34.186s]   File "/home/eleclabs/.local/lib/python3.10/site-packages/setuptools/version.py", line 1, in <module>
[34.186s]     import pkg_resources
[34.186s]   File "/home/eleclabs/.local/lib/python3.10/site-packages/pkg_resources/__init__.py", line 3243, in <module>
[34.187s]     def _initialize_master_working_set():
[34.187s]   File "/home/eleclabs/.local/lib/python3.10/site-packages/pkg_resources/__init__.py", line 3226, in _call_aside
[34.187s]     f(*args, **kwargs)
[34.187s]   File "/home/eleclabs/.local/lib/python3.10/site-packages/pkg_resources/__init__.py", line 3255, in _initialize_master_working_set
[34.187s]     working_set = WorkingSet._build_master()
[34.187s]   File "/home/eleclabs/.local/lib/python3.10/site-packages/pkg_resources/__init__.py", line 559, in _build_master
[34.187s]     ws = cls()
[34.188s]   File "/home/eleclabs/.local/lib/python3.10/site-packages/pkg_resources/__init__.py", line 552, in __init__
[34.188s]     self.add_entry(entry)
[34.188s]   File "/home/eleclabs/.local/lib/python3.10/site-packages/pkg_resources/__init__.py", line 608, in add_entry
[34.188s]     for dist in find_distributions(entry, True):
[34.188s]   File "/home/eleclabs/.local/lib/python3.10/site-packages/pkg_resources/__init__.py", line 2063, in find_on_path
[34.188s]     for dist in factory(fullpath):
[34.188s]   File "/home/eleclabs/.local/lib/python3.10/site-packages/pkg_resources/__init__.py", line 2128, in distributions_from_metadata
[34.188s]     yield Distribution.from_location(
[34.188s]   File "/home/eleclabs/.local/lib/python3.10/site-packages/pkg_resources/__init__.py", line 2591, in from_location
[34.188s]     )._reload_version()
[34.189s]   File "/home/eleclabs/.local/lib/python3.10/site-packages/pkg_resources/__init__.py", line 2989, in _reload_version
[34.189s]     md_version = self._get_version()
[34.189s]   File "/home/eleclabs/.local/lib/python3.10/site-packages/pkg_resources/__init__.py", line 2770, in _get_version
[34.189s]     version = _version_from_file(lines)
[34.189s]   File "/home/eleclabs/.local/lib/python3.10/site-packages/pkg_resources/__init__.py", line 2554, in _version_from_file
[34.189s]     line = next(iter(version_lines), '')
[34.189s]   File "/home/eleclabs/.local/lib/python3.10/site-packages/pkg_resources/__init__.py", line 2765, in _get_metadata
[34.190s]     for line in self.get_metadata_lines(name):
[34.190s]   File "/home/eleclabs/.local/lib/python3.10/site-packages/pkg_resources/__init__.py", line 1417, in get_metadata_lines
[34.190s]     return yield_lines(self.get_metadata(name))
[34.190s]   File "/home/eleclabs/.local/lib/python3.10/site-packages/pkg_resources/__init__.py", line 1407, in get_metadata
[34.190s]     value = self._get(path)
[34.190s]   File "/home/eleclabs/.local/lib/python3.10/site-packages/pkg_resources/__init__.py", line 1612, in _get
[34.190s]     return stream.read()
[34.190s] KeyboardInterrupt
