[0.846s] Invoking command in '/home/eleclabs/ros2_ws/src/my_robot_controller': PYTHONPATH=/home/eleclabs/ros2_ws/build/my_robot_controller/prefix_override:/usr/lib/python3/dist-packages/colcon_core/task/python/colcon_distutils_commands:/home/eleclabs/ros2_ws/install/my_robot_controller/lib/python3.10/site-packages:${PYTHONPATH} /usr/bin/python3 -W ignore:setup.py install is deprecated setup.py egg_info --egg-base ../../build/my_robot_controller build --build-base /home/eleclabs/ros2_ws/build/my_robot_controller/build install --record /home/eleclabs/ros2_ws/build/my_robot_controller/install.log --single-version-externally-managed install_data
[1.020s] running egg_info
[1.021s] creating ../../build/my_robot_controller/my_robot_controller.egg-info
[1.022s] writing ../../build/my_robot_controller/my_robot_controller.egg-info/PKG-INFO
[1.022s] writing dependency_links to ../../build/my_robot_controller/my_robot_controller.egg-info/dependency_links.txt
[1.023s] writing entry points to ../../build/my_robot_controller/my_robot_controller.egg-info/entry_points.txt
[1.023s] writing requirements to ../../build/my_robot_controller/my_robot_controller.egg-info/requires.txt
[1.023s] writing top-level names to ../../build/my_robot_controller/my_robot_controller.egg-info/top_level.txt
[1.023s] writing manifest file '../../build/my_robot_controller/my_robot_controller.egg-info/SOURCES.txt'
[1.024s] reading manifest file '../../build/my_robot_controller/my_robot_controller.egg-info/SOURCES.txt'
[1.025s] writing manifest file '../../build/my_robot_controller/my_robot_controller.egg-info/SOURCES.txt'
[1.025s] running build
[1.026s] running build_py
[1.026s] creating /home/eleclabs/ros2_ws/build/my_robot_controller/build
[1.027s] creating /home/eleclabs/ros2_ws/build/my_robot_controller/build/lib
[1.027s] creating /home/eleclabs/ros2_ws/build/my_robot_controller/build/lib/my_robot_controller
[1.027s] copying my_robot_controller/__init__.py -> /home/eleclabs/ros2_ws/build/my_robot_controller/build/lib/my_robot_controller
[1.027s] running install
[1.027s] running install_lib
[1.028s] creating /home/eleclabs/ros2_ws/install/my_robot_controller/lib/python3.10/site-packages/my_robot_controller
[1.028s] copying /home/eleclabs/ros2_ws/build/my_robot_controller/build/lib/my_robot_controller/__init__.py -> /home/eleclabs/ros2_ws/install/my_robot_controller/lib/python3.10/site-packages/my_robot_controller
[1.028s] byte-compiling /home/eleclabs/ros2_ws/install/my_robot_controller/lib/python3.10/site-packages/my_robot_controller/__init__.py to __init__.cpython-310.pyc
[1.028s] running install_data
[1.028s] creating /home/eleclabs/ros2_ws/install/my_robot_controller/share/ament_index
[1.028s] creating /home/eleclabs/ros2_ws/install/my_robot_controller/share/ament_index/resource_index
[1.029s] creating /home/eleclabs/ros2_ws/install/my_robot_controller/share/ament_index/resource_index/packages
[1.029s] copying resource/my_robot_controller -> /home/eleclabs/ros2_ws/install/my_robot_controller/share/ament_index/resource_index/packages
[1.029s] copying package.xml -> /home/eleclabs/ros2_ws/install/my_robot_controller/share/my_robot_controller
[1.029s] running install_egg_info
[1.030s] Copying ../../build/my_robot_controller/my_robot_controller.egg-info to /home/eleclabs/ros2_ws/install/my_robot_controller/lib/python3.10/site-packages/my_robot_controller-0.0.0-py3.10.egg-info
[1.031s] running install_scripts
[1.046s] writing list of installed files to '/home/eleclabs/ros2_ws/build/my_robot_controller/install.log'
[1.071s] Invoked command in '/home/eleclabs/ros2_ws/src/my_robot_controller' returned '0': PYTHONPATH=/home/eleclabs/ros2_ws/build/my_robot_controller/prefix_override:/usr/lib/python3/dist-packages/colcon_core/task/python/colcon_distutils_commands:/home/eleclabs/ros2_ws/install/my_robot_controller/lib/python3.10/site-packages:${PYTHONPATH} /usr/bin/python3 -W ignore:setup.py install is deprecated setup.py egg_info --egg-base ../../build/my_robot_controller build --build-base /home/eleclabs/ros2_ws/build/my_robot_controller/build install --record /home/eleclabs/ros2_ws/build/my_robot_controller/install.log --single-version-externally-managed install_data
