[5.853s] Invoking command in '/home/eleclabs/ros2_ws/build/examples_rclpy_guard_conditions': PYTHONPATH=/home/eleclabs/ros2_ws/build/examples_rclpy_guard_conditions/prefix_override:/usr/lib/python3/dist-packages/colcon_core/task/python/colcon_distutils_commands:/home/eleclabs/ros2_ws/install/examples_rclpy_guard_conditions/lib/python3.10/site-packages:${PYTHONPATH} /usr/bin/python3 -W ignore:setup.py install is deprecated setup.py develop --editable --build-directory /home/eleclabs/ros2_ws/build/examples_rclpy_guard_conditions/build --no-deps symlink_data
[7.302s] running develop
[7.855s] running egg_info
[7.856s] creating examples_rclpy_guard_conditions.egg-info
[7.857s] writing examples_rclpy_guard_conditions.egg-info/PKG-INFO
[7.858s] writing dependency_links to examples_rclpy_guard_conditions.egg-info/dependency_links.txt
[7.858s] writing entry points to examples_rclpy_guard_conditions.egg-info/entry_points.txt
[7.859s] writing requirements to examples_rclpy_guard_conditions.egg-info/requires.txt
[7.860s] writing top-level names to examples_rclpy_guard_conditions.egg-info/top_level.txt
[7.860s] writing manifest file 'examples_rclpy_guard_conditions.egg-info/SOURCES.txt'
[7.870s] reading manifest file 'examples_rclpy_guard_conditions.egg-info/SOURCES.txt'
[7.871s] writing manifest file 'examples_rclpy_guard_conditions.egg-info/SOURCES.txt'
[7.884s] running build_ext
[7.884s] Creating /home/eleclabs/ros2_ws/install/examples_rclpy_guard_conditions/lib/python3.10/site-packages/examples-rclpy-guard-conditions.egg-link (link to .)
[7.887s] Installing trigger_guard_condition script to /home/eleclabs/ros2_ws/install/examples_rclpy_guard_conditions/lib/examples_rclpy_guard_conditions
[7.909s] 
[7.910s] Installed /home/eleclabs/ros2_ws/build/examples_rclpy_guard_conditions
[7.910s] running symlink_data
[7.911s] creating /home/eleclabs/ros2_ws/install/examples_rclpy_guard_conditions/share/ament_index
[7.911s] creating /home/eleclabs/ros2_ws/install/examples_rclpy_guard_conditions/share/ament_index/resource_index
[7.911s] creating /home/eleclabs/ros2_ws/install/examples_rclpy_guard_conditions/share/ament_index/resource_index/packages
[7.913s] symbolically linking /home/eleclabs/ros2_ws/build/examples_rclpy_guard_conditions/resource/examples_rclpy_guard_conditions -> /home/eleclabs/ros2_ws/install/examples_rclpy_guard_conditions/share/ament_index/resource_index/packages
[7.913s] symbolically linking /home/eleclabs/ros2_ws/build/examples_rclpy_guard_conditions/package.xml -> /home/eleclabs/ros2_ws/install/examples_rclpy_guard_conditions/share/examples_rclpy_guard_conditions
[13.279s] Invoked command in '/home/eleclabs/ros2_ws/build/examples_rclpy_guard_conditions' returned '0': PYTHONPATH=/home/eleclabs/ros2_ws/build/examples_rclpy_guard_conditions/prefix_override:/usr/lib/python3/dist-packages/colcon_core/task/python/colcon_distutils_commands:/home/eleclabs/ros2_ws/install/examples_rclpy_guard_conditions/lib/python3.10/site-packages:${PYTHONPATH} /usr/bin/python3 -W ignore:setup.py install is deprecated setup.py develop --editable --build-directory /home/eleclabs/ros2_ws/build/examples_rclpy_guard_conditions/build --no-deps symlink_data
