[0.245s] Invoking command in '/home/eleclabs/ros2_ws/build/examples_rclcpp_minimal_client': CMAKE_PREFIX_PATH=${CMAKE_PREFIX_PATH}:/home/eleclabs/ros2_ws/install/mypkg:/home/eleclabs/ros2_ws/install/my_robot_controller:/home/eleclabs/ros2_ws/install/my_camera:/opt/ros/humble /usr/bin/cmake /home/eleclabs/ros2_ws/src/examples/rclcpp/services/minimal_client -DCMAKE_INSTALL_PREFIX=/home/eleclabs/ros2_ws/install/examples_rclcpp_minimal_client
[3.842s] -- Found ament_cmake: 1.3.10 (/opt/ros/humble/share/ament_cmake/cmake)
[3.843s] -- Override CMake install command with custom implementation using symlinks instead of copying resources
[3.843s] -- Found example_interfaces: 0.9.3 (/opt/ros/humble/share/example_interfaces/cmake)
[3.844s] -- Found rosidl_generator_c: 3.1.5 (/opt/ros/humble/share/rosidl_generator_c/cmake)
[3.844s] -- Found rosidl_adapter: 3.1.5 (/opt/ros/humble/share/rosidl_adapter/cmake)
[3.845s] -- Found rosidl_generator_cpp: 3.1.5 (/opt/ros/humble/share/rosidl_generator_cpp/cmake)
[3.845s] -- Using all available rosidl_typesupport_c: rosidl_typesupport_fastrtps_c;rosidl_typesupport_introspection_c
[3.846s] -- Using all available rosidl_typesupport_cpp: rosidl_typesupport_fastrtps_cpp;rosidl_typesupport_introspection_cpp
[3.847s] -- Found rclcpp: 16.0.10 (/opt/ros/humble/share/rclcpp/cmake)
[3.847s] -- Found rmw_implementation_cmake: 6.1.2 (/opt/ros/humble/share/rmw_implementation_cmake/cmake)
[3.848s] -- Found rmw_cyclonedds_cpp: 1.3.4 (/opt/ros/humble/share/rmw_cyclonedds_cpp/cmake)
[3.848s] -- Using RMW implementation 'rmw_cyclonedds_cpp' as default
[3.849s] -- Found ament_lint_auto: 0.12.11 (/opt/ros/humble/share/ament_lint_auto/cmake)
[3.849s] -- Added test 'copyright' to check source files copyright and LICENSE
[3.850s] -- Added test 'cppcheck' to perform static code analysis on C / C++ code
[3.850s] -- Configured cppcheck include dirs: 
[3.852s] -- Configured cppcheck exclude dirs and/or files: 
[3.853s] -- Added test 'cpplint' to check C / C++ code against the Google style
[3.853s] -- Configured cpplint exclude dirs and/or files: 
[3.853s] -- Added test 'lint_cmake' to check CMake code style
[3.854s] -- Added test 'uncrustify' to check C / C++ code style
[3.854s] -- Configured uncrustify additional arguments: 
[3.855s] -- Added test 'xmllint' to check XML markup files
[3.856s] -- Configuring done
[3.857s] -- Generating done
[3.858s] -- Build files have been written to: /home/eleclabs/ros2_ws/build/examples_rclcpp_minimal_client
[3.987s] Invoked command in '/home/eleclabs/ros2_ws/build/examples_rclcpp_minimal_client' returned '0': CMAKE_PREFIX_PATH=${CMAKE_PREFIX_PATH}:/home/eleclabs/ros2_ws/install/mypkg:/home/eleclabs/ros2_ws/install/my_robot_controller:/home/eleclabs/ros2_ws/install/my_camera:/opt/ros/humble /usr/bin/cmake /home/eleclabs/ros2_ws/src/examples/rclcpp/services/minimal_client -DCMAKE_INSTALL_PREFIX=/home/eleclabs/ros2_ws/install/examples_rclcpp_minimal_client
[3.988s] Invoking command in '/home/eleclabs/ros2_ws/build/examples_rclcpp_minimal_client': CMAKE_PREFIX_PATH=${CMAKE_PREFIX_PATH}:/home/eleclabs/ros2_ws/install/mypkg:/home/eleclabs/ros2_ws/install/my_robot_controller:/home/eleclabs/ros2_ws/install/my_camera:/opt/ros/humble /usr/bin/cmake --build /home/eleclabs/ros2_ws/build/examples_rclcpp_minimal_client -- -j16 -l16
[4.157s] [35m[1mConsolidate compiler generated dependencies of target client_main[0m
[4.392s] [100%] Built target client_main
[4.491s] Invoked command in '/home/eleclabs/ros2_ws/build/examples_rclcpp_minimal_client' returned '0': CMAKE_PREFIX_PATH=${CMAKE_PREFIX_PATH}:/home/eleclabs/ros2_ws/install/mypkg:/home/eleclabs/ros2_ws/install/my_robot_controller:/home/eleclabs/ros2_ws/install/my_camera:/opt/ros/humble /usr/bin/cmake --build /home/eleclabs/ros2_ws/build/examples_rclcpp_minimal_client -- -j16 -l16
[4.813s] Invoking command in '/home/eleclabs/ros2_ws/build/examples_rclcpp_minimal_client': CMAKE_PREFIX_PATH=${CMAKE_PREFIX_PATH}:/home/eleclabs/ros2_ws/install/mypkg:/home/eleclabs/ros2_ws/install/my_robot_controller:/home/eleclabs/ros2_ws/install/my_camera:/opt/ros/humble /usr/bin/cmake --install /home/eleclabs/ros2_ws/build/examples_rclcpp_minimal_client
[6.201s] -- Install configuration: ""
[6.201s] -- Execute custom install script
[6.201s] -- Symlinking: /home/eleclabs/ros2_ws/install/examples_rclcpp_minimal_client/lib/examples_rclcpp_minimal_client/client_main
[6.201s] -- Symlinking: /home/eleclabs/ros2_ws/install/examples_rclcpp_minimal_client/share/ament_index/resource_index/package_run_dependencies/examples_rclcpp_minimal_client
[6.202s] -- Symlinking: /home/eleclabs/ros2_ws/install/examples_rclcpp_minimal_client/share/ament_index/resource_index/parent_prefix_path/examples_rclcpp_minimal_client
[6.202s] -- Symlinking: /home/eleclabs/ros2_ws/install/examples_rclcpp_minimal_client/share/examples_rclcpp_minimal_client/environment/ament_prefix_path.sh
[6.202s] -- Symlinking: /home/eleclabs/ros2_ws/install/examples_rclcpp_minimal_client/share/examples_rclcpp_minimal_client/environment/ament_prefix_path.dsv
[6.202s] -- Symlinking: /home/eleclabs/ros2_ws/install/examples_rclcpp_minimal_client/share/examples_rclcpp_minimal_client/environment/path.sh
[6.203s] -- Symlinking: /home/eleclabs/ros2_ws/install/examples_rclcpp_minimal_client/share/examples_rclcpp_minimal_client/environment/path.dsv
[6.203s] -- Symlinking: /home/eleclabs/ros2_ws/install/examples_rclcpp_minimal_client/share/examples_rclcpp_minimal_client/local_setup.bash
[6.203s] -- Symlinking: /home/eleclabs/ros2_ws/install/examples_rclcpp_minimal_client/share/examples_rclcpp_minimal_client/local_setup.sh
[6.204s] -- Symlinking: /home/eleclabs/ros2_ws/install/examples_rclcpp_minimal_client/share/examples_rclcpp_minimal_client/local_setup.zsh
[6.204s] -- Symlinking: /home/eleclabs/ros2_ws/install/examples_rclcpp_minimal_client/share/examples_rclcpp_minimal_client/local_setup.dsv
[6.204s] -- Symlinking: /home/eleclabs/ros2_ws/install/examples_rclcpp_minimal_client/share/examples_rclcpp_minimal_client/package.dsv
[6.205s] -- Symlinking: /home/eleclabs/ros2_ws/install/examples_rclcpp_minimal_client/share/ament_index/resource_index/packages/examples_rclcpp_minimal_client
[6.205s] -- Symlinking: /home/eleclabs/ros2_ws/install/examples_rclcpp_minimal_client/share/examples_rclcpp_minimal_client/cmake/examples_rclcpp_minimal_clientConfig.cmake
[6.205s] -- Symlinking: /home/eleclabs/ros2_ws/install/examples_rclcpp_minimal_client/share/examples_rclcpp_minimal_client/cmake/examples_rclcpp_minimal_clientConfig-version.cmake
[6.205s] -- Symlinking: /home/eleclabs/ros2_ws/install/examples_rclcpp_minimal_client/share/examples_rclcpp_minimal_client/package.xml
[6.217s] Invoked command in '/home/eleclabs/ros2_ws/build/examples_rclcpp_minimal_client' returned '0': CMAKE_PREFIX_PATH=${CMAKE_PREFIX_PATH}:/home/eleclabs/ros2_ws/install/mypkg:/home/eleclabs/ros2_ws/install/my_robot_controller:/home/eleclabs/ros2_ws/install/my_camera:/opt/ros/humble /usr/bin/cmake --install /home/eleclabs/ros2_ws/build/examples_rclcpp_minimal_client
