[0.281s] Invoking command in '/home/eleclabs/ros2_ws/build/examples_rclcpp_async_client': CMAKE_PREFIX_PATH=${CMAKE_PREFIX_PATH}:/home/eleclabs/ros2_ws/install/mypkg:/home/eleclabs/ros2_ws/install/my_robot_controller:/home/eleclabs/ros2_ws/install/my_camera:/opt/ros/humble /usr/bin/cmake /home/eleclabs/ros2_ws/src/examples/rclcpp/services/async_client -DCMAKE_INSTALL_PREFIX=/home/eleclabs/ros2_ws/install/examples_rclcpp_async_client
[3.834s] -- Found ament_cmake: 1.3.10 (/opt/ros/humble/share/ament_cmake/cmake)
[3.834s] -- Override CMake install command with custom implementation using symlinks instead of copying resources
[3.835s] -- Found example_interfaces: 0.9.3 (/opt/ros/humble/share/example_interfaces/cmake)
[3.836s] -- Found rosidl_generator_c: 3.1.5 (/opt/ros/humble/share/rosidl_generator_c/cmake)
[3.837s] -- Found rosidl_adapter: 3.1.5 (/opt/ros/humble/share/rosidl_adapter/cmake)
[3.838s] -- Found rosidl_generator_cpp: 3.1.5 (/opt/ros/humble/share/rosidl_generator_cpp/cmake)
[3.838s] -- Using all available rosidl_typesupport_c: rosidl_typesupport_fastrtps_c;rosidl_typesupport_introspection_c
[3.839s] -- Using all available rosidl_typesupport_cpp: rosidl_typesupport_fastrtps_cpp;rosidl_typesupport_introspection_cpp
[3.840s] -- Found rclcpp: 16.0.10 (/opt/ros/humble/share/rclcpp/cmake)
[3.840s] -- Found rmw_implementation_cmake: 6.1.2 (/opt/ros/humble/share/rmw_implementation_cmake/cmake)
[3.841s] -- Found rmw_cyclonedds_cpp: 1.3.4 (/opt/ros/humble/share/rmw_cyclonedds_cpp/cmake)
[3.841s] -- Using RMW implementation 'rmw_cyclonedds_cpp' as default
[3.841s] -- Found ament_lint_auto: 0.12.11 (/opt/ros/humble/share/ament_lint_auto/cmake)
[3.841s] -- Added test 'copyright' to check source files copyright and LICENSE
[3.842s] -- Added test 'cppcheck' to perform static code analysis on C / C++ code
[3.843s] -- Configured cppcheck include dirs: 
[3.844s] -- Configured cppcheck exclude dirs and/or files: 
[3.844s] -- Added test 'cpplint' to check C / C++ code against the Google style
[3.845s] -- Configured cpplint exclude dirs and/or files: 
[3.845s] -- Added test 'lint_cmake' to check CMake code style
[3.846s] -- Added test 'uncrustify' to check C / C++ code style
[3.846s] -- Configured uncrustify additional arguments: 
[3.847s] -- Added test 'xmllint' to check XML markup files
[3.848s] -- Configuring done
[3.848s] -- Generating done
[3.849s] -- Build files have been written to: /home/eleclabs/ros2_ws/build/examples_rclcpp_async_client
[4.103s] Invoked command in '/home/eleclabs/ros2_ws/build/examples_rclcpp_async_client' returned '0': CMAKE_PREFIX_PATH=${CMAKE_PREFIX_PATH}:/home/eleclabs/ros2_ws/install/mypkg:/home/eleclabs/ros2_ws/install/my_robot_controller:/home/eleclabs/ros2_ws/install/my_camera:/opt/ros/humble /usr/bin/cmake /home/eleclabs/ros2_ws/src/examples/rclcpp/services/async_client -DCMAKE_INSTALL_PREFIX=/home/eleclabs/ros2_ws/install/examples_rclcpp_async_client
[4.104s] Invoking command in '/home/eleclabs/ros2_ws/build/examples_rclcpp_async_client': CMAKE_PREFIX_PATH=${CMAKE_PREFIX_PATH}:/home/eleclabs/ros2_ws/install/mypkg:/home/eleclabs/ros2_ws/install/my_robot_controller:/home/eleclabs/ros2_ws/install/my_camera:/opt/ros/humble /usr/bin/cmake --build /home/eleclabs/ros2_ws/build/examples_rclcpp_async_client -- -j16 -l16
[4.239s] [35m[1mConsolidate compiler generated dependencies of target client_main[0m
[4.429s] [100%] Built target client_main
[4.496s] Invoked command in '/home/eleclabs/ros2_ws/build/examples_rclcpp_async_client' returned '0': CMAKE_PREFIX_PATH=${CMAKE_PREFIX_PATH}:/home/eleclabs/ros2_ws/install/mypkg:/home/eleclabs/ros2_ws/install/my_robot_controller:/home/eleclabs/ros2_ws/install/my_camera:/opt/ros/humble /usr/bin/cmake --build /home/eleclabs/ros2_ws/build/examples_rclcpp_async_client -- -j16 -l16
[4.850s] Invoking command in '/home/eleclabs/ros2_ws/build/examples_rclcpp_async_client': CMAKE_PREFIX_PATH=${CMAKE_PREFIX_PATH}:/home/eleclabs/ros2_ws/install/mypkg:/home/eleclabs/ros2_ws/install/my_robot_controller:/home/eleclabs/ros2_ws/install/my_camera:/opt/ros/humble /usr/bin/cmake --install /home/eleclabs/ros2_ws/build/examples_rclcpp_async_client
[4.895s] -- Install configuration: ""
[4.903s] -- Execute custom install script
[4.908s] -- Symlinking: /home/eleclabs/ros2_ws/install/examples_rclcpp_async_client/lib/examples_rclcpp_async_client/client_main
[5.011s] -- Symlinking: /home/eleclabs/ros2_ws/install/examples_rclcpp_async_client/share/ament_index/resource_index/package_run_dependencies/examples_rclcpp_async_client
[5.117s] -- Symlinking: /home/eleclabs/ros2_ws/install/examples_rclcpp_async_client/share/ament_index/resource_index/parent_prefix_path/examples_rclcpp_async_client
[5.241s] -- Symlinking: /home/eleclabs/ros2_ws/install/examples_rclcpp_async_client/share/examples_rclcpp_async_client/environment/ament_prefix_path.sh
[5.317s] -- Symlinking: /home/eleclabs/ros2_ws/install/examples_rclcpp_async_client/share/examples_rclcpp_async_client/environment/ament_prefix_path.dsv
[5.424s] -- Symlinking: /home/eleclabs/ros2_ws/install/examples_rclcpp_async_client/share/examples_rclcpp_async_client/environment/path.sh
[5.473s] -- Symlinking: /home/eleclabs/ros2_ws/install/examples_rclcpp_async_client/share/examples_rclcpp_async_client/environment/path.dsv
[5.556s] -- Symlinking: /home/eleclabs/ros2_ws/install/examples_rclcpp_async_client/share/examples_rclcpp_async_client/local_setup.bash
[5.649s] -- Symlinking: /home/eleclabs/ros2_ws/install/examples_rclcpp_async_client/share/examples_rclcpp_async_client/local_setup.sh
[5.750s] -- Symlinking: /home/eleclabs/ros2_ws/install/examples_rclcpp_async_client/share/examples_rclcpp_async_client/local_setup.zsh
[5.855s] -- Symlinking: /home/eleclabs/ros2_ws/install/examples_rclcpp_async_client/share/examples_rclcpp_async_client/local_setup.dsv
[5.934s] -- Symlinking: /home/eleclabs/ros2_ws/install/examples_rclcpp_async_client/share/examples_rclcpp_async_client/package.dsv
[6.027s] -- Symlinking: /home/eleclabs/ros2_ws/install/examples_rclcpp_async_client/share/ament_index/resource_index/packages/examples_rclcpp_async_client
[6.156s] -- Symlinking: /home/eleclabs/ros2_ws/install/examples_rclcpp_async_client/share/examples_rclcpp_async_client/cmake/examples_rclcpp_async_clientConfig.cmake
[6.226s] -- Symlinking: /home/eleclabs/ros2_ws/install/examples_rclcpp_async_client/share/examples_rclcpp_async_client/cmake/examples_rclcpp_async_clientConfig-version.cmake
[6.299s] -- Symlinking: /home/eleclabs/ros2_ws/install/examples_rclcpp_async_client/share/examples_rclcpp_async_client/package.xml
[6.541s] Invoked command in '/home/eleclabs/ros2_ws/build/examples_rclcpp_async_client' returned '0': CMAKE_PREFIX_PATH=${CMAKE_PREFIX_PATH}:/home/eleclabs/ros2_ws/install/mypkg:/home/eleclabs/ros2_ws/install/my_robot_controller:/home/eleclabs/ros2_ws/install/my_camera:/opt/ros/humble /usr/bin/cmake --install /home/eleclabs/ros2_ws/build/examples_rclcpp_async_client
