[0.660s] Invoking command in '/home/eleclabs/ros2_ws/src/my_camera': PYTHONPATH=/home/eleclabs/ros2_ws/build/my_camera/prefix_override:/usr/lib/python3/dist-packages/colcon_core/task/python/colcon_distutils_commands:/home/eleclabs/ros2_ws/install/my_camera/lib/python3.10/site-packages:${PYTHONPATH} /usr/bin/python3 -W ignore:setup.py install is deprecated setup.py egg_info --egg-base ../../build/my_camera build --build-base /home/eleclabs/ros2_ws/build/my_camera/build install --record /home/eleclabs/ros2_ws/build/my_camera/install.log --single-version-externally-managed install_data
[0.833s] running egg_info
[0.834s] creating ../../build/my_camera/my_camera.egg-info
[0.834s] writing ../../build/my_camera/my_camera.egg-info/PKG-INFO
[0.835s] writing dependency_links to ../../build/my_camera/my_camera.egg-info/dependency_links.txt
[0.835s] writing entry points to ../../build/my_camera/my_camera.egg-info/entry_points.txt
[0.835s] writing requirements to ../../build/my_camera/my_camera.egg-info/requires.txt
[0.835s] writing top-level names to ../../build/my_camera/my_camera.egg-info/top_level.txt
[0.835s] writing manifest file '../../build/my_camera/my_camera.egg-info/SOURCES.txt'
[0.836s] reading manifest file '../../build/my_camera/my_camera.egg-info/SOURCES.txt'
[0.836s] adding license file 'LICENSE'
[0.837s] writing manifest file '../../build/my_camera/my_camera.egg-info/SOURCES.txt'
[0.837s] running build
[0.837s] running build_py
[0.837s] creating /home/eleclabs/ros2_ws/build/my_camera/build
[0.837s] creating /home/eleclabs/ros2_ws/build/my_camera/build/lib
[0.837s] creating /home/eleclabs/ros2_ws/build/my_camera/build/lib/my_camera
[0.838s] copying my_camera/__init__.py -> /home/eleclabs/ros2_ws/build/my_camera/build/lib/my_camera
[0.838s] copying my_camera/webcam_node.py -> /home/eleclabs/ros2_ws/build/my_camera/build/lib/my_camera
[0.838s] copying my_camera/usbcam_node.py -> /home/eleclabs/ros2_ws/build/my_camera/build/lib/my_camera
[0.838s] copying my_camera/ip_stream_node.py -> /home/eleclabs/ros2_ws/build/my_camera/build/lib/my_camera
[0.838s] running install
[0.839s] running install_lib
[0.839s] creating /home/eleclabs/ros2_ws/install/my_camera/lib/python3.10/site-packages/my_camera
[0.839s] copying /home/eleclabs/ros2_ws/build/my_camera/build/lib/my_camera/__init__.py -> /home/eleclabs/ros2_ws/install/my_camera/lib/python3.10/site-packages/my_camera
[0.839s] copying /home/eleclabs/ros2_ws/build/my_camera/build/lib/my_camera/webcam_node.py -> /home/eleclabs/ros2_ws/install/my_camera/lib/python3.10/site-packages/my_camera
[0.839s] copying /home/eleclabs/ros2_ws/build/my_camera/build/lib/my_camera/usbcam_node.py -> /home/eleclabs/ros2_ws/install/my_camera/lib/python3.10/site-packages/my_camera
[0.840s] copying /home/eleclabs/ros2_ws/build/my_camera/build/lib/my_camera/ip_stream_node.py -> /home/eleclabs/ros2_ws/install/my_camera/lib/python3.10/site-packages/my_camera
[0.840s] byte-compiling /home/eleclabs/ros2_ws/install/my_camera/lib/python3.10/site-packages/my_camera/__init__.py to __init__.cpython-310.pyc
[0.840s] byte-compiling /home/eleclabs/ros2_ws/install/my_camera/lib/python3.10/site-packages/my_camera/webcam_node.py to webcam_node.cpython-310.pyc
[0.841s] byte-compiling /home/eleclabs/ros2_ws/install/my_camera/lib/python3.10/site-packages/my_camera/usbcam_node.py to usbcam_node.cpython-310.pyc
[0.841s] byte-compiling /home/eleclabs/ros2_ws/install/my_camera/lib/python3.10/site-packages/my_camera/ip_stream_node.py to ip_stream_node.cpython-310.pyc
[0.841s] running install_data
[0.842s] creating /home/eleclabs/ros2_ws/install/my_camera/share/ament_index
[0.842s] creating /home/eleclabs/ros2_ws/install/my_camera/share/ament_index/resource_index
[0.842s] creating /home/eleclabs/ros2_ws/install/my_camera/share/ament_index/resource_index/packages
[0.842s] copying resource/my_camera -> /home/eleclabs/ros2_ws/install/my_camera/share/ament_index/resource_index/packages
[0.842s] copying package.xml -> /home/eleclabs/ros2_ws/install/my_camera/share/my_camera
[0.842s] running install_egg_info
[0.844s] Copying ../../build/my_camera/my_camera.egg-info to /home/eleclabs/ros2_ws/install/my_camera/lib/python3.10/site-packages/my_camera-0.0.0-py3.10.egg-info
[0.845s] running install_scripts
[0.864s] Installing ip_stream_node script to /home/eleclabs/ros2_ws/install/my_camera/lib/my_camera
[0.864s] Installing usbcam_node script to /home/eleclabs/ros2_ws/install/my_camera/lib/my_camera
[0.864s] Installing webcam_node script to /home/eleclabs/ros2_ws/install/my_camera/lib/my_camera
[0.865s] writing list of installed files to '/home/eleclabs/ros2_ws/build/my_camera/install.log'
[0.883s] Invoked command in '/home/eleclabs/ros2_ws/src/my_camera' returned '0': PYTHONPATH=/home/eleclabs/ros2_ws/build/my_camera/prefix_override:/usr/lib/python3/dist-packages/colcon_core/task/python/colcon_distutils_commands:/home/eleclabs/ros2_ws/install/my_camera/lib/python3.10/site-packages:${PYTHONPATH} /usr/bin/python3 -W ignore:setup.py install is deprecated setup.py egg_info --egg-base ../../build/my_camera build --build-base /home/eleclabs/ros2_ws/build/my_camera/build install --record /home/eleclabs/ros2_ws/build/my_camera/install.log --single-version-externally-managed install_data
