[0.866s] Invoking command in '/home/eleclabs/ros2_ws/src/my_camera': PYTHONPATH=/home/eleclabs/ros2_ws/build/my_camera/prefix_override:/usr/lib/python3/dist-packages/colcon_core/task/python/colcon_distutils_commands:/home/eleclabs/ros2_ws/install/my_camera/lib/python3.10/site-packages:${PYTHONPATH} /usr/bin/python3 -W ignore:setup.py install is deprecated setup.py egg_info --egg-base ../../build/my_camera build --build-base /home/eleclabs/ros2_ws/build/my_camera/build install --record /home/eleclabs/ros2_ws/build/my_camera/install.log --single-version-externally-managed install_data
[1.035s] running egg_info
[1.036s] writing ../../build/my_camera/my_camera.egg-info/PKG-INFO
[1.037s] writing dependency_links to ../../build/my_camera/my_camera.egg-info/dependency_links.txt
[1.037s] writing entry points to ../../build/my_camera/my_camera.egg-info/entry_points.txt
[1.037s] writing requirements to ../../build/my_camera/my_camera.egg-info/requires.txt
[1.037s] writing top-level names to ../../build/my_camera/my_camera.egg-info/top_level.txt
[1.039s] reading manifest file '../../build/my_camera/my_camera.egg-info/SOURCES.txt'
[1.039s] adding license file 'LICENSE'
[1.040s] writing manifest file '../../build/my_camera/my_camera.egg-info/SOURCES.txt'
[1.040s] running build
[1.041s] running build_py
[1.041s] running install
[1.042s] running install_lib
[1.042s] running install_data
[1.042s] running install_egg_info
[1.043s] removing '/home/eleclabs/ros2_ws/install/my_camera/lib/python3.10/site-packages/my_camera-0.0.0-py3.10.egg-info' (and everything under it)
[1.044s] Copying ../../build/my_camera/my_camera.egg-info to /home/eleclabs/ros2_ws/install/my_camera/lib/python3.10/site-packages/my_camera-0.0.0-py3.10.egg-info
[1.045s] running install_scripts
[1.061s] Installing ip_stream_node script to /home/eleclabs/ros2_ws/install/my_camera/lib/my_camera
[1.061s] Installing usbcam_node script to /home/eleclabs/ros2_ws/install/my_camera/lib/my_camera
[1.061s] Installing webcam_node script to /home/eleclabs/ros2_ws/install/my_camera/lib/my_camera
[1.061s] writing list of installed files to '/home/eleclabs/ros2_ws/build/my_camera/install.log'
[1.101s] Invoked command in '/home/eleclabs/ros2_ws/src/my_camera' returned '0': PYTHONPATH=/home/eleclabs/ros2_ws/build/my_camera/prefix_override:/usr/lib/python3/dist-packages/colcon_core/task/python/colcon_distutils_commands:/home/eleclabs/ros2_ws/install/my_camera/lib/python3.10/site-packages:${PYTHONPATH} /usr/bin/python3 -W ignore:setup.py install is deprecated setup.py egg_info --egg-base ../../build/my_camera build --build-base /home/eleclabs/ros2_ws/build/my_camera/build install --record /home/eleclabs/ros2_ws/build/my_camera/install.log --single-version-externally-managed install_data
