[0.300s] Invoking command in '/home/eleclabs/ros2_ws/build/examples_rclcpp_minimal_service': CMAKE_PREFIX_PATH=${CMAKE_PREFIX_PATH}:/home/eleclabs/ros2_ws/install/mypkg:/home/eleclabs/ros2_ws/install/my_robot_controller:/home/eleclabs/ros2_ws/install/my_camera:/opt/ros/humble /usr/bin/cmake /home/eleclabs/ros2_ws/src/examples/rclcpp/services/minimal_service -DAMENT_CMAKE_SYMLINK_INSTALL=1 -DCMAKE_INSTALL_PREFIX=/home/eleclabs/ros2_ws/install/examples_rclcpp_minimal_service
[3.908s] -- The C compiler identification is GNU 11.4.0
[3.908s] -- The CXX compiler identification is GNU 11.4.0
[3.908s] -- Detecting C compiler ABI info
[3.909s] -- Detecting C compiler ABI info - done
[3.910s] -- Check for working C compiler: /usr/bin/cc - skipped
[3.911s] -- Detecting C compile features
[3.911s] -- Detecting C compile features - done
[3.912s] -- Detecting CXX compiler ABI info
[3.912s] -- Detecting CXX compiler ABI info - done
[3.913s] -- Check for working CXX compiler: /usr/bin/c++ - skipped
[3.913s] -- Detecting CXX compile features
[3.914s] -- Detecting CXX compile features - done
[3.917s] -- Found ament_cmake: 1.3.10 (/opt/ros/humble/share/ament_cmake/cmake)
[3.928s] -- Found Python3: /usr/bin/python3 (found version "3.10.12") found components: Interpreter 
[4.235s] -- Override CMake install command with custom implementation using symlinks instead of copying resources
[4.461s] -- Found example_interfaces: 0.9.3 (/opt/ros/humble/share/example_interfaces/cmake)
[5.089s] -- Found rosidl_generator_c: 3.1.5 (/opt/ros/humble/share/rosidl_generator_c/cmake)
[5.116s] -- Found rosidl_adapter: 3.1.5 (/opt/ros/humble/share/rosidl_adapter/cmake)
[5.161s] -- Found rosidl_generator_cpp: 3.1.5 (/opt/ros/humble/share/rosidl_generator_cpp/cmake)
[5.243s] -- Using all available rosidl_typesupport_c: rosidl_typesupport_fastrtps_c;rosidl_typesupport_introspection_c
[5.327s] -- Using all available rosidl_typesupport_cpp: rosidl_typesupport_fastrtps_cpp;rosidl_typesupport_introspection_cpp
[5.564s] -- Found rclcpp: 16.0.10 (/opt/ros/humble/share/rclcpp/cmake)
[5.713s] -- Found rmw_implementation_cmake: 6.1.2 (/opt/ros/humble/share/rmw_implementation_cmake/cmake)
[5.724s] -- Found rmw_cyclonedds_cpp: 1.3.4 (/opt/ros/humble/share/rmw_cyclonedds_cpp/cmake)
[5.819s] -- Using RMW implementation 'rmw_cyclonedds_cpp' as default
[5.853s] -- Looking for pthread.h
[6.254s] -- Looking for pthread.h - found
[6.254s] -- Performing Test CMAKE_HAVE_LIBC_PTHREAD
[6.603s] -- Performing Test CMAKE_HAVE_LIBC_PTHREAD - Success
[6.603s] -- Found Threads: TRUE  
[6.875s] -- Found ament_lint_auto: 0.12.11 (/opt/ros/humble/share/ament_lint_auto/cmake)
[7.275s] -- Added test 'copyright' to check source files copyright and LICENSE
[7.279s] -- Added test 'cppcheck' to perform static code analysis on C / C++ code
[7.281s] -- Configured cppcheck include dirs: 
[7.282s] -- Configured cppcheck exclude dirs and/or files: 
[7.285s] -- Added test 'cpplint' to check C / C++ code against the Google style
[7.286s] -- Configured cpplint exclude dirs and/or files: 
[7.289s] -- Added test 'lint_cmake' to check CMake code style
[7.294s] -- Added test 'uncrustify' to check C / C++ code style
[7.295s] -- Configured uncrustify additional arguments: 
[7.298s] -- Added test 'xmllint' to check XML markup files
[7.313s] -- Configuring done
[7.345s] -- Generating done
[7.363s] -- Build files have been written to: /home/eleclabs/ros2_ws/build/examples_rclcpp_minimal_service
[7.469s] Invoked command in '/home/eleclabs/ros2_ws/build/examples_rclcpp_minimal_service' returned '0': CMAKE_PREFIX_PATH=${CMAKE_PREFIX_PATH}:/home/eleclabs/ros2_ws/install/mypkg:/home/eleclabs/ros2_ws/install/my_robot_controller:/home/eleclabs/ros2_ws/install/my_camera:/opt/ros/humble /usr/bin/cmake /home/eleclabs/ros2_ws/src/examples/rclcpp/services/minimal_service -DAMENT_CMAKE_SYMLINK_INSTALL=1 -DCMAKE_INSTALL_PREFIX=/home/eleclabs/ros2_ws/install/examples_rclcpp_minimal_service
[7.473s] Invoking command in '/home/eleclabs/ros2_ws/build/examples_rclcpp_minimal_service': CMAKE_PREFIX_PATH=${CMAKE_PREFIX_PATH}:/home/eleclabs/ros2_ws/install/mypkg:/home/eleclabs/ros2_ws/install/my_robot_controller:/home/eleclabs/ros2_ws/install/my_camera:/opt/ros/humble /usr/bin/cmake --build /home/eleclabs/ros2_ws/build/examples_rclcpp_minimal_service -- -j16 -l16
[7.650s] [ 50%] [32mBuilding CXX object CMakeFiles/service_main.dir/main.cpp.o[0m
[174.307s] [01m[Kc++:[m[K [01;31m[Kfatal error: [m[KKilled signal terminated program cc1plus
[174.314s] compilation terminated.
[174.335s] gmake[2]: *** [CMakeFiles/service_main.dir/build.make:76: CMakeFiles/service_main.dir/main.cpp.o] Error 1
[174.371s] gmake[1]: *** [CMakeFiles/Makefile2:137: CMakeFiles/service_main.dir/all] Error 2
[174.409s] gmake: *** [Makefile:146: all] Error 2
[243.467s] Invoked command in '/home/eleclabs/ros2_ws/build/examples_rclcpp_minimal_service' returned '2': CMAKE_PREFIX_PATH=${CMAKE_PREFIX_PATH}:/home/eleclabs/ros2_ws/install/mypkg:/home/eleclabs/ros2_ws/install/my_robot_controller:/home/eleclabs/ros2_ws/install/my_camera:/opt/ros/humble /usr/bin/cmake --build /home/eleclabs/ros2_ws/build/examples_rclcpp_minimal_service -- -j16 -l16
