[0.167s] DEBUG:colcon:Command line arguments: ['/usr/bin/colcon', 'list', '-p', '--base-paths', '/home/eleclabs/ros2_ws']
[0.167s] DEBUG:colcon:Parsed command line arguments: Namespace(log_base=None, log_level=None, verb_name='list', build_base='build', ignore_user_meta=False, metas=['./colcon.meta'], base_paths=['/home/eleclabs/ros2_ws'], packages_ignore=None, packages_ignore_regex=None, paths=None, packages_up_to=None, packages_up_to_regex=None, packages_above=None, packages_above_and_dependencies=None, packages_above_depth=None, packages_select_by_dep=None, packages_skip_by_dep=None, packages_skip_up_to=None, packages_select_build_failed=False, packages_skip_build_finished=False, packages_select_test_failures=False, packages_skip_test_passed=False, packages_select=None, packages_skip=None, packages_select_regex=None, packages_skip_regex=None, packages_start=None, packages_end=None, allow_overriding=[], topological_order=False, names_only=False, paths_only=True, topological_graph=False, topological_graph_dot=False, topological_graph_density=False, topological_graph_legend=False, topological_graph_dot_cluster=False, topological_graph_dot_include_skipped=False, mixin_files=None, mixin=None, verb_parser=<colcon_mixin.mixin.mixin_argument.MixinArgumentDecorator object at 0x7f8452afae60>, verb_extension=<colcon_package_information.verb.list.ListVerb object at 0x7f8452af9b40>, main=<bound method ListVerb.main of <colcon_package_information.verb.list.ListVerb object at 0x7f8452af9b40>>, mixin_verb=('list',))
[0.423s] Level 1:colcon.colcon_core.package_discovery:discover_packages(colcon_meta) check parameters
[0.423s] Level 1:colcon.colcon_core.package_discovery:discover_packages(recursive) check parameters
[0.423s] Level 1:colcon.colcon_core.package_discovery:discover_packages(ignore) check parameters
[0.423s] Level 1:colcon.colcon_core.package_discovery:discover_packages(path) check parameters
[0.423s] Level 1:colcon.colcon_core.package_discovery:discover_packages(recursive) discover
[0.424s] INFO:colcon.colcon_core.package_discovery:Crawling recursively for packages in '/home/eleclabs/ros2_ws'
[0.424s] Level 1:colcon.colcon_core.package_identification:_identify(/home/eleclabs/ros2_ws) by extensions ['ignore', 'ignore_ament_install']
[0.424s] Level 1:colcon.colcon_core.package_identification:_identify(/home/eleclabs/ros2_ws) by extension 'ignore'
[0.424s] Level 1:colcon.colcon_core.package_identification:_identify(/home/eleclabs/ros2_ws) by extension 'ignore_ament_install'
[0.425s] Level 1:colcon.colcon_core.package_identification:_identify(/home/eleclabs/ros2_ws) by extensions ['colcon_pkg']
[0.425s] Level 1:colcon.colcon_core.package_identification:_identify(/home/eleclabs/ros2_ws) by extension 'colcon_pkg'
[0.425s] Level 1:colcon.colcon_core.package_identification:_identify(/home/eleclabs/ros2_ws) by extensions ['colcon_meta']
[0.425s] Level 1:colcon.colcon_core.package_identification:_identify(/home/eleclabs/ros2_ws) by extension 'colcon_meta'
[0.425s] Level 1:colcon.colcon_core.package_identification:_identify(/home/eleclabs/ros2_ws) by extensions ['ros']
[0.425s] Level 1:colcon.colcon_core.package_identification:_identify(/home/eleclabs/ros2_ws) by extension 'ros'
[0.447s] Level 1:colcon.colcon_core.package_identification:_identify(/home/eleclabs/ros2_ws) by extensions ['cmake', 'python']
[0.447s] Level 1:colcon.colcon_core.package_identification:_identify(/home/eleclabs/ros2_ws) by extension 'cmake'
[0.447s] Level 1:colcon.colcon_core.package_identification:_identify(/home/eleclabs/ros2_ws) by extension 'python'
[0.447s] Level 1:colcon.colcon_core.package_identification:_identify(/home/eleclabs/ros2_ws) by extensions ['python_setup_py']
[0.447s] Level 1:colcon.colcon_core.package_identification:_identify(/home/eleclabs/ros2_ws) by extension 'python_setup_py'
[0.448s] Level 1:colcon.colcon_core.package_identification:_identify(/home/eleclabs/ros2_ws/build) by extensions ['ignore', 'ignore_ament_install']
[0.448s] Level 1:colcon.colcon_core.package_identification:_identify(/home/eleclabs/ros2_ws/build) by extension 'ignore'
[0.448s] Level 1:colcon.colcon_core.package_identification:_identify(/home/eleclabs/ros2_ws/build) ignored
[0.448s] Level 1:colcon.colcon_core.package_identification:_identify(/home/eleclabs/ros2_ws/install) by extensions ['ignore', 'ignore_ament_install']
[0.449s] Level 1:colcon.colcon_core.package_identification:_identify(/home/eleclabs/ros2_ws/install) by extension 'ignore'
[0.449s] Level 1:colcon.colcon_core.package_identification:_identify(/home/eleclabs/ros2_ws/install) ignored
[0.449s] Level 1:colcon.colcon_core.package_identification:_identify(/home/eleclabs/ros2_ws/log) by extensions ['ignore', 'ignore_ament_install']
[0.449s] Level 1:colcon.colcon_core.package_identification:_identify(/home/eleclabs/ros2_ws/log) by extension 'ignore'
[0.450s] Level 1:colcon.colcon_core.package_identification:_identify(/home/eleclabs/ros2_ws/log) ignored
[0.450s] Level 1:colcon.colcon_core.package_identification:_identify(/home/eleclabs/ros2_ws/src) by extensions ['ignore', 'ignore_ament_install']
[0.450s] Level 1:colcon.colcon_core.package_identification:_identify(/home/eleclabs/ros2_ws/src) by extension 'ignore'
[0.450s] Level 1:colcon.colcon_core.package_identification:_identify(/home/eleclabs/ros2_ws/src) by extension 'ignore_ament_install'
[0.450s] Level 1:colcon.colcon_core.package_identification:_identify(/home/eleclabs/ros2_ws/src) by extensions ['colcon_pkg']
[0.450s] Level 1:colcon.colcon_core.package_identification:_identify(/home/eleclabs/ros2_ws/src) by extension 'colcon_pkg'
[0.451s] Level 1:colcon.colcon_core.package_identification:_identify(/home/eleclabs/ros2_ws/src) by extensions ['colcon_meta']
[0.451s] Level 1:colcon.colcon_core.package_identification:_identify(/home/eleclabs/ros2_ws/src) by extension 'colcon_meta'
[0.451s] Level 1:colcon.colcon_core.package_identification:_identify(/home/eleclabs/ros2_ws/src) by extensions ['ros']
[0.451s] Level 1:colcon.colcon_core.package_identification:_identify(/home/eleclabs/ros2_ws/src) by extension 'ros'
[0.451s] Level 1:colcon.colcon_core.package_identification:_identify(/home/eleclabs/ros2_ws/src) by extensions ['cmake', 'python']
[0.451s] Level 1:colcon.colcon_core.package_identification:_identify(/home/eleclabs/ros2_ws/src) by extension 'cmake'
[0.451s] Level 1:colcon.colcon_core.package_identification:_identify(/home/eleclabs/ros2_ws/src) by extension 'python'
[0.451s] Level 1:colcon.colcon_core.package_identification:_identify(/home/eleclabs/ros2_ws/src) by extensions ['python_setup_py']
[0.451s] Level 1:colcon.colcon_core.package_identification:_identify(/home/eleclabs/ros2_ws/src) by extension 'python_setup_py'
[0.452s] Level 1:colcon.colcon_core.package_identification:_identify(/home/eleclabs/ros2_ws/src/my_camera) by extensions ['ignore', 'ignore_ament_install']
[0.452s] Level 1:colcon.colcon_core.package_identification:_identify(/home/eleclabs/ros2_ws/src/my_camera) by extension 'ignore'
[0.452s] Level 1:colcon.colcon_core.package_identification:_identify(/home/eleclabs/ros2_ws/src/my_camera) by extension 'ignore_ament_install'
[0.452s] Level 1:colcon.colcon_core.package_identification:_identify(/home/eleclabs/ros2_ws/src/my_camera) by extensions ['colcon_pkg']
[0.452s] Level 1:colcon.colcon_core.package_identification:_identify(/home/eleclabs/ros2_ws/src/my_camera) by extension 'colcon_pkg'
[0.452s] Level 1:colcon.colcon_core.package_identification:_identify(/home/eleclabs/ros2_ws/src/my_camera) by extensions ['colcon_meta']
[0.452s] Level 1:colcon.colcon_core.package_identification:_identify(/home/eleclabs/ros2_ws/src/my_camera) by extension 'colcon_meta'
[0.452s] Level 1:colcon.colcon_core.package_identification:_identify(/home/eleclabs/ros2_ws/src/my_camera) by extensions ['ros']
[0.452s] Level 1:colcon.colcon_core.package_identification:_identify(/home/eleclabs/ros2_ws/src/my_camera) by extension 'ros'
[0.457s] DEBUG:colcon.colcon_core.package_identification:Package '/home/eleclabs/ros2_ws/src/my_camera' with type 'ros.ament_python' and name 'my_camera'
[0.457s] Level 1:colcon.colcon_core.package_identification:_identify(/home/eleclabs/ros2_ws/src/my_robot_controller) by extensions ['ignore', 'ignore_ament_install']
[0.457s] Level 1:colcon.colcon_core.package_identification:_identify(/home/eleclabs/ros2_ws/src/my_robot_controller) by extension 'ignore'
[0.458s] Level 1:colcon.colcon_core.package_identification:_identify(/home/eleclabs/ros2_ws/src/my_robot_controller) by extension 'ignore_ament_install'
[0.458s] Level 1:colcon.colcon_core.package_identification:_identify(/home/eleclabs/ros2_ws/src/my_robot_controller) by extensions ['colcon_pkg']
[0.458s] Level 1:colcon.colcon_core.package_identification:_identify(/home/eleclabs/ros2_ws/src/my_robot_controller) by extension 'colcon_pkg'
[0.458s] Level 1:colcon.colcon_core.package_identification:_identify(/home/eleclabs/ros2_ws/src/my_robot_controller) by extensions ['colcon_meta']
[0.458s] Level 1:colcon.colcon_core.package_identification:_identify(/home/eleclabs/ros2_ws/src/my_robot_controller) by extension 'colcon_meta'
[0.458s] Level 1:colcon.colcon_core.package_identification:_identify(/home/eleclabs/ros2_ws/src/my_robot_controller) by extensions ['ros']
[0.458s] Level 1:colcon.colcon_core.package_identification:_identify(/home/eleclabs/ros2_ws/src/my_robot_controller) by extension 'ros'
[0.460s] DEBUG:colcon.colcon_core.package_identification:Package '/home/eleclabs/ros2_ws/src/my_robot_controller' with type 'ros.ament_python' and name 'my_robot_controller'
[0.460s] Level 1:colcon.colcon_core.package_discovery:discover_packages(recursive) using defaults
