[5.921s] Invoking command in '/home/eleclabs/ros2_ws/build/examples_rclpy_executors': PYTHONPATH=/home/eleclabs/ros2_ws/build/examples_rclpy_executors/prefix_override:/usr/lib/python3/dist-packages/colcon_core/task/python/colcon_distutils_commands:/home/eleclabs/ros2_ws/install/examples_rclpy_executors/lib/python3.10/site-packages:${PYTHONPATH} /usr/bin/python3 -W ignore:setup.py install is deprecated setup.py develop --editable --build-directory /home/eleclabs/ros2_ws/build/examples_rclpy_executors/build --no-deps symlink_data
[7.384s] running develop
[7.695s] running egg_info
[7.696s] creating examples_rclpy_executors.egg-info
[7.718s] writing examples_rclpy_executors.egg-info/PKG-INFO
[7.718s] writing dependency_links to examples_rclpy_executors.egg-info/dependency_links.txt
[7.718s] writing entry points to examples_rclpy_executors.egg-info/entry_points.txt
[7.719s] writing requirements to examples_rclpy_executors.egg-info/requires.txt
[7.719s] writing top-level names to examples_rclpy_executors.egg-info/top_level.txt
[7.720s] writing manifest file 'examples_rclpy_executors.egg-info/SOURCES.txt'
[7.722s] reading manifest file 'examples_rclpy_executors.egg-info/SOURCES.txt'
[7.724s] writing manifest file 'examples_rclpy_executors.egg-info/SOURCES.txt'
[7.752s] running build_ext
[7.752s] Creating /home/eleclabs/ros2_ws/install/examples_rclpy_executors/lib/python3.10/site-packages/examples-rclpy-executors.egg-link (link to .)
[7.752s] Installing callback_group script to /home/eleclabs/ros2_ws/install/examples_rclpy_executors/lib/examples_rclpy_executors
[7.753s] Installing composed script to /home/eleclabs/ros2_ws/install/examples_rclpy_executors/lib/examples_rclpy_executors
[7.753s] Installing custom_callback_group script to /home/eleclabs/ros2_ws/install/examples_rclpy_executors/lib/examples_rclpy_executors
[7.753s] Installing custom_executor script to /home/eleclabs/ros2_ws/install/examples_rclpy_executors/lib/examples_rclpy_executors
[7.753s] Installing listener script to /home/eleclabs/ros2_ws/install/examples_rclpy_executors/lib/examples_rclpy_executors
[7.753s] Installing talker script to /home/eleclabs/ros2_ws/install/examples_rclpy_executors/lib/examples_rclpy_executors
[7.754s] 
[7.754s] Installed /home/eleclabs/ros2_ws/build/examples_rclpy_executors
[7.755s] running symlink_data
[7.756s] creating /home/eleclabs/ros2_ws/install/examples_rclpy_executors/share/ament_index
[7.757s] creating /home/eleclabs/ros2_ws/install/examples_rclpy_executors/share/ament_index/resource_index
[7.758s] creating /home/eleclabs/ros2_ws/install/examples_rclpy_executors/share/ament_index/resource_index/packages
[7.759s] symbolically linking /home/eleclabs/ros2_ws/build/examples_rclpy_executors/resource/examples_rclpy_executors -> /home/eleclabs/ros2_ws/install/examples_rclpy_executors/share/ament_index/resource_index/packages
[7.761s] symbolically linking /home/eleclabs/ros2_ws/build/examples_rclpy_executors/package.xml -> /home/eleclabs/ros2_ws/install/examples_rclpy_executors/share/examples_rclpy_executors
[8.363s] Invoked command in '/home/eleclabs/ros2_ws/build/examples_rclpy_executors' returned '0': PYTHONPATH=/home/eleclabs/ros2_ws/build/examples_rclpy_executors/prefix_override:/usr/lib/python3/dist-packages/colcon_core/task/python/colcon_distutils_commands:/home/eleclabs/ros2_ws/install/examples_rclpy_executors/lib/python3.10/site-packages:${PYTHONPATH} /usr/bin/python3 -W ignore:setup.py install is deprecated setup.py develop --editable --build-directory /home/eleclabs/ros2_ws/build/examples_rclpy_executors/build --no-deps symlink_data
