[1.783s] Invoking command in '/home/eleclabs/ros2_ws/src/pkg_py': PYTHONPATH=/home/eleclabs/ros2_ws/build/pkg_py/prefix_override:/usr/lib/python3/dist-packages/colcon_core/task/python/colcon_distutils_commands:/home/eleclabs/ros2_ws/install/pkg_py/lib/python3.10/site-packages:${PYTHONPATH} /usr/bin/python3 -W ignore:setup.py install is deprecated setup.py egg_info --egg-base ../../build/pkg_py build --build-base /home/eleclabs/ros2_ws/build/pkg_py/build install --record /home/eleclabs/ros2_ws/build/pkg_py/install.log --single-version-externally-managed install_data
[2.020s] running egg_info
[2.021s] writing ../../build/pkg_py/pkg_py.egg-info/PKG-INFO
[2.022s] writing dependency_links to ../../build/pkg_py/pkg_py.egg-info/dependency_links.txt
[2.022s] writing entry points to ../../build/pkg_py/pkg_py.egg-info/entry_points.txt
[2.022s] writing requirements to ../../build/pkg_py/pkg_py.egg-info/requires.txt
[2.022s] writing top-level names to ../../build/pkg_py/pkg_py.egg-info/top_level.txt
[2.024s] reading manifest file '../../build/pkg_py/pkg_py.egg-info/SOURCES.txt'
[2.025s] writing manifest file '../../build/pkg_py/pkg_py.egg-info/SOURCES.txt'
[2.025s] running build
[2.025s] running build_py
[2.026s] running install
[2.027s] running install_lib
[2.029s] running install_data
[2.029s] running install_egg_info
[2.031s] removing '/home/eleclabs/ros2_ws/install/pkg_py/lib/python3.10/site-packages/pkg_py-0.0.0-py3.10.egg-info' (and everything under it)
[2.032s] Copying ../../build/pkg_py/pkg_py.egg-info to /home/eleclabs/ros2_ws/install/pkg_py/lib/python3.10/site-packages/pkg_py-0.0.0-py3.10.egg-info
[2.034s] running install_scripts
[2.053s] Installing my_node script to /home/eleclabs/ros2_ws/install/pkg_py/lib/pkg_py
[2.054s] writing list of installed files to '/home/eleclabs/ros2_ws/build/pkg_py/install.log'
[2.100s] Invoked command in '/home/eleclabs/ros2_ws/src/pkg_py' returned '0': PYTHONPATH=/home/eleclabs/ros2_ws/build/pkg_py/prefix_override:/usr/lib/python3/dist-packages/colcon_core/task/python/colcon_distutils_commands:/home/eleclabs/ros2_ws/install/pkg_py/lib/python3.10/site-packages:${PYTHONPATH} /usr/bin/python3 -W ignore:setup.py install is deprecated setup.py egg_info --egg-base ../../build/pkg_py build --build-base /home/eleclabs/ros2_ws/build/pkg_py/build install --record /home/eleclabs/ros2_ws/build/pkg_py/install.log --single-version-externally-managed install_data
