[0.116s] DEBUG:colcon:Command line arguments: ['/usr/bin/colcon', 'build']
[0.116s] DEBUG:colcon:Parsed command line arguments: Namespace(log_base=None, log_level=None, verb_name='build', build_base='build', install_base='install', merge_install=False, symlink_install=False, test_result_base=None, continue_on_error=False, executor='parallel', parallel_workers=16, event_handlers=None, ignore_user_meta=False, metas=['./colcon.meta'], base_paths=['.'], packages_ignore=None, packages_ignore_regex=None, paths=None, packages_up_to=None, packages_up_to_regex=None, packages_above=None, packages_above_and_dependencies=None, packages_above_depth=None, packages_select_by_dep=None, packages_skip_by_dep=None, packages_skip_up_to=None, packages_select_build_failed=False, packages_skip_build_finished=False, packages_select_test_failures=False, packages_skip_test_passed=False, packages_select=None, packages_skip=None, packages_select_regex=None, packages_skip_regex=None, packages_start=None, packages_end=None, allow_overriding=[], cmake_args=None, cmake_target=None, cmake_target_skip_unavailable=False, cmake_clean_cache=False, cmake_clean_first=False, cmake_force_configure=False, ament_cmake_args=None, catkin_cmake_args=None, catkin_skip_building_tests=False, mixin_files=None, mixin=None, verb_parser=<colcon_mixin.mixin.mixin_argument.MixinArgumentDecorator object at 0x7faa62dda080>, verb_extension=<colcon_core.verb.build.BuildVerb object at 0x7faa62dd9b70>, main=<bound method BuildVerb.main of <colcon_core.verb.build.BuildVerb object at 0x7faa62dd9b70>>, mixin_verb=('build',))
[0.236s] Level 1:colcon.colcon_core.package_discovery:discover_packages(colcon_meta) check parameters
[0.236s] Level 1:colcon.colcon_core.package_discovery:discover_packages(recursive) check parameters
[0.236s] Level 1:colcon.colcon_core.package_discovery:discover_packages(ignore) check parameters
[0.236s] Level 1:colcon.colcon_core.package_discovery:discover_packages(path) check parameters
[0.236s] Level 1:colcon.colcon_core.package_discovery:discover_packages(colcon_meta) discover
[0.237s] Level 1:colcon.colcon_core.package_discovery:discover_packages(recursive) discover
[0.237s] INFO:colcon.colcon_core.package_discovery:Crawling recursively for packages in '/home/eleclabs/ros2_ws'
[0.237s] Level 1:colcon.colcon_core.package_identification:_identify(.) by extensions ['ignore', 'ignore_ament_install']
[0.237s] Level 1:colcon.colcon_core.package_identification:_identify(.) by extension 'ignore'
[0.237s] Level 1:colcon.colcon_core.package_identification:_identify(.) by extension 'ignore_ament_install'
[0.237s] Level 1:colcon.colcon_core.package_identification:_identify(.) by extensions ['colcon_pkg']
[0.237s] Level 1:colcon.colcon_core.package_identification:_identify(.) by extension 'colcon_pkg'
[0.237s] Level 1:colcon.colcon_core.package_identification:_identify(.) by extensions ['colcon_meta']
[0.237s] Level 1:colcon.colcon_core.package_identification:_identify(.) by extension 'colcon_meta'
[0.237s] Level 1:colcon.colcon_core.package_identification:_identify(.) by extensions ['ros']
[0.237s] Level 1:colcon.colcon_core.package_identification:_identify(.) by extension 'ros'
[0.245s] Level 1:colcon.colcon_core.package_identification:_identify(.) by extensions ['cmake', 'python']
[0.245s] Level 1:colcon.colcon_core.package_identification:_identify(.) by extension 'cmake'
[0.245s] Level 1:colcon.colcon_core.package_identification:_identify(.) by extension 'python'
[0.245s] Level 1:colcon.colcon_core.package_identification:_identify(.) by extensions ['python_setup_py']
[0.245s] Level 1:colcon.colcon_core.package_identification:_identify(.) by extension 'python_setup_py'
[0.245s] Level 1:colcon.colcon_core.package_identification:_identify(build) by extensions ['ignore', 'ignore_ament_install']
[0.245s] Level 1:colcon.colcon_core.package_identification:_identify(build) by extension 'ignore'
[0.245s] Level 1:colcon.colcon_core.package_identification:_identify(build) ignored
[0.245s] Level 1:colcon.colcon_core.package_identification:_identify(install) by extensions ['ignore', 'ignore_ament_install']
[0.245s] Level 1:colcon.colcon_core.package_identification:_identify(install) by extension 'ignore'
[0.245s] Level 1:colcon.colcon_core.package_identification:_identify(install) ignored
[0.245s] Level 1:colcon.colcon_core.package_identification:_identify(log) by extensions ['ignore', 'ignore_ament_install']
[0.245s] Level 1:colcon.colcon_core.package_identification:_identify(log) by extension 'ignore'
[0.245s] Level 1:colcon.colcon_core.package_identification:_identify(log) ignored
[0.246s] Level 1:colcon.colcon_core.package_identification:_identify(src) by extensions ['ignore', 'ignore_ament_install']
[0.246s] Level 1:colcon.colcon_core.package_identification:_identify(src) by extension 'ignore'
[0.246s] Level 1:colcon.colcon_core.package_identification:_identify(src) by extension 'ignore_ament_install'
[0.246s] Level 1:colcon.colcon_core.package_identification:_identify(src) by extensions ['colcon_pkg']
[0.246s] Level 1:colcon.colcon_core.package_identification:_identify(src) by extension 'colcon_pkg'
[0.246s] Level 1:colcon.colcon_core.package_identification:_identify(src) by extensions ['colcon_meta']
[0.246s] Level 1:colcon.colcon_core.package_identification:_identify(src) by extension 'colcon_meta'
[0.246s] Level 1:colcon.colcon_core.package_identification:_identify(src) by extensions ['ros']
[0.246s] Level 1:colcon.colcon_core.package_identification:_identify(src) by extension 'ros'
[0.246s] Level 1:colcon.colcon_core.package_identification:_identify(src) by extensions ['cmake', 'python']
[0.246s] Level 1:colcon.colcon_core.package_identification:_identify(src) by extension 'cmake'
[0.246s] Level 1:colcon.colcon_core.package_identification:_identify(src) by extension 'python'
[0.246s] Level 1:colcon.colcon_core.package_identification:_identify(src) by extensions ['python_setup_py']
[0.246s] Level 1:colcon.colcon_core.package_identification:_identify(src) by extension 'python_setup_py'
[0.246s] Level 1:colcon.colcon_core.package_identification:_identify(src/my_camera) by extensions ['ignore', 'ignore_ament_install']
[0.246s] Level 1:colcon.colcon_core.package_identification:_identify(src/my_camera) by extension 'ignore'
[0.246s] Level 1:colcon.colcon_core.package_identification:_identify(src/my_camera) by extension 'ignore_ament_install'
[0.246s] Level 1:colcon.colcon_core.package_identification:_identify(src/my_camera) by extensions ['colcon_pkg']
[0.246s] Level 1:colcon.colcon_core.package_identification:_identify(src/my_camera) by extension 'colcon_pkg'
[0.246s] Level 1:colcon.colcon_core.package_identification:_identify(src/my_camera) by extensions ['colcon_meta']
[0.246s] Level 1:colcon.colcon_core.package_identification:_identify(src/my_camera) by extension 'colcon_meta'
[0.246s] Level 1:colcon.colcon_core.package_identification:_identify(src/my_camera) by extensions ['ros']
[0.246s] Level 1:colcon.colcon_core.package_identification:_identify(src/my_camera) by extension 'ros'
[0.248s] DEBUG:colcon.colcon_core.package_identification:Package 'src/my_camera' with type 'ros.ament_python' and name 'my_camera'
[0.248s] Level 1:colcon.colcon_core.package_identification:_identify(src/my_robot_controller) by extensions ['ignore', 'ignore_ament_install']
[0.248s] Level 1:colcon.colcon_core.package_identification:_identify(src/my_robot_controller) by extension 'ignore'
[0.248s] Level 1:colcon.colcon_core.package_identification:_identify(src/my_robot_controller) by extension 'ignore_ament_install'
[0.248s] Level 1:colcon.colcon_core.package_identification:_identify(src/my_robot_controller) by extensions ['colcon_pkg']
[0.248s] Level 1:colcon.colcon_core.package_identification:_identify(src/my_robot_controller) by extension 'colcon_pkg'
[0.248s] Level 1:colcon.colcon_core.package_identification:_identify(src/my_robot_controller) by extensions ['colcon_meta']
[0.248s] Level 1:colcon.colcon_core.package_identification:_identify(src/my_robot_controller) by extension 'colcon_meta'
[0.248s] Level 1:colcon.colcon_core.package_identification:_identify(src/my_robot_controller) by extensions ['ros']
[0.248s] Level 1:colcon.colcon_core.package_identification:_identify(src/my_robot_controller) by extension 'ros'
[0.249s] DEBUG:colcon.colcon_core.package_identification:Package 'src/my_robot_controller' with type 'ros.ament_python' and name 'my_robot_controller'
[0.249s] Level 1:colcon.colcon_core.package_discovery:discover_packages(recursive) using defaults
[0.249s] Level 1:colcon.colcon_core.package_discovery:discover_packages(ignore) discover
[0.249s] Level 1:colcon.colcon_core.package_discovery:discover_packages(ignore) using defaults
[0.249s] Level 1:colcon.colcon_core.package_discovery:discover_packages(path) discover
[0.249s] Level 1:colcon.colcon_core.package_discovery:discover_packages(path) using defaults
[0.263s] Level 1:colcon.colcon_core.package_discovery:discover_packages(prefix_path) check parameters
[0.264s] Level 1:colcon.colcon_core.package_discovery:discover_packages(prefix_path) discover
[0.265s] DEBUG:colcon.colcon_installed_package_information.package_discovery:Found 2 installed packages in /home/eleclabs/ros2_ws/install
[0.266s] DEBUG:colcon.colcon_installed_package_information.package_discovery:Found 396 installed packages in /opt/ros/humble
[0.267s] Level 1:colcon.colcon_core.package_discovery:discover_packages(prefix_path) using defaults
[0.313s] Level 5:colcon.colcon_core.verb:set package 'my_camera' build argument 'cmake_args' from command line to 'None'
[0.313s] Level 5:colcon.colcon_core.verb:set package 'my_camera' build argument 'cmake_target' from command line to 'None'
[0.313s] Level 5:colcon.colcon_core.verb:set package 'my_camera' build argument 'cmake_target_skip_unavailable' from command line to 'False'
[0.313s] Level 5:colcon.colcon_core.verb:set package 'my_camera' build argument 'cmake_clean_cache' from command line to 'False'
[0.313s] Level 5:colcon.colcon_core.verb:set package 'my_camera' build argument 'cmake_clean_first' from command line to 'False'
[0.313s] Level 5:colcon.colcon_core.verb:set package 'my_camera' build argument 'cmake_force_configure' from command line to 'False'
[0.313s] Level 5:colcon.colcon_core.verb:set package 'my_camera' build argument 'ament_cmake_args' from command line to 'None'
[0.313s] Level 5:colcon.colcon_core.verb:set package 'my_camera' build argument 'catkin_cmake_args' from command line to 'None'
[0.313s] Level 5:colcon.colcon_core.verb:set package 'my_camera' build argument 'catkin_skip_building_tests' from command line to 'False'
[0.313s] DEBUG:colcon.colcon_core.verb:Building package 'my_camera' with the following arguments: {'ament_cmake_args': None, 'build_base': '/home/eleclabs/ros2_ws/build/my_camera', 'catkin_cmake_args': None, 'catkin_skip_building_tests': False, 'cmake_args': None, 'cmake_clean_cache': False, 'cmake_clean_first': False, 'cmake_force_configure': False, 'cmake_target': None, 'cmake_target_skip_unavailable': False, 'install_base': '/home/eleclabs/ros2_ws/install/my_camera', 'merge_install': False, 'path': '/home/eleclabs/ros2_ws/src/my_camera', 'symlink_install': False, 'test_result_base': None}
[0.314s] Level 5:colcon.colcon_core.verb:set package 'my_robot_controller' build argument 'cmake_args' from command line to 'None'
[0.314s] Level 5:colcon.colcon_core.verb:set package 'my_robot_controller' build argument 'cmake_target' from command line to 'None'
[0.314s] Level 5:colcon.colcon_core.verb:set package 'my_robot_controller' build argument 'cmake_target_skip_unavailable' from command line to 'False'
[0.314s] Level 5:colcon.colcon_core.verb:set package 'my_robot_controller' build argument 'cmake_clean_cache' from command line to 'False'
[0.314s] Level 5:colcon.colcon_core.verb:set package 'my_robot_controller' build argument 'cmake_clean_first' from command line to 'False'
[0.314s] Level 5:colcon.colcon_core.verb:set package 'my_robot_controller' build argument 'cmake_force_configure' from command line to 'False'
[0.314s] Level 5:colcon.colcon_core.verb:set package 'my_robot_controller' build argument 'ament_cmake_args' from command line to 'None'
[0.314s] Level 5:colcon.colcon_core.verb:set package 'my_robot_controller' build argument 'catkin_cmake_args' from command line to 'None'
[0.314s] Level 5:colcon.colcon_core.verb:set package 'my_robot_controller' build argument 'catkin_skip_building_tests' from command line to 'False'
[0.314s] DEBUG:colcon.colcon_core.verb:Building package 'my_robot_controller' with the following arguments: {'ament_cmake_args': None, 'build_base': '/home/eleclabs/ros2_ws/build/my_robot_controller', 'catkin_cmake_args': None, 'catkin_skip_building_tests': False, 'cmake_args': None, 'cmake_clean_cache': False, 'cmake_clean_first': False, 'cmake_force_configure': False, 'cmake_target': None, 'cmake_target_skip_unavailable': False, 'install_base': '/home/eleclabs/ros2_ws/install/my_robot_controller', 'merge_install': False, 'path': '/home/eleclabs/ros2_ws/src/my_robot_controller', 'symlink_install': False, 'test_result_base': None}
[0.314s] INFO:colcon.colcon_core.executor:Executing jobs using 'parallel' executor
[0.315s] DEBUG:colcon.colcon_parallel_executor.executor.parallel:run_until_complete
[0.315s] INFO:colcon.colcon_ros.task.ament_python.build:Building ROS package in '/home/eleclabs/ros2_ws/src/my_camera' with build type 'ament_python'
[0.316s] Level 1:colcon.colcon_core.shell:create_environment_hook('my_camera', 'ament_prefix_path')
[0.318s] INFO:colcon.colcon_core.plugin_system:Skipping extension 'colcon_core.shell.bat': Not used on non-Windows systems
[0.318s] INFO:colcon.colcon_core.shell:Creating environment hook '/home/eleclabs/ros2_ws/install/my_camera/share/my_camera/hook/ament_prefix_path.ps1'
[0.319s] INFO:colcon.colcon_core.shell:Creating environment descriptor '/home/eleclabs/ros2_ws/install/my_camera/share/my_camera/hook/ament_prefix_path.dsv'
[0.319s] INFO:colcon.colcon_core.shell:Creating environment hook '/home/eleclabs/ros2_ws/install/my_camera/share/my_camera/hook/ament_prefix_path.sh'
[0.320s] INFO:colcon.colcon_core.shell:Skip shell extension 'powershell' for command environment: Not usable outside of PowerShell
[0.320s] DEBUG:colcon.colcon_core.shell:Skip shell extension 'dsv' for command environment
[0.323s] INFO:colcon.colcon_ros.task.ament_python.build:Building ROS package in '/home/eleclabs/ros2_ws/src/my_robot_controller' with build type 'ament_python'
[0.323s] Level 1:colcon.colcon_core.shell:create_environment_hook('my_robot_controller', 'ament_prefix_path')
[0.323s] INFO:colcon.colcon_core.shell:Creating environment hook '/home/eleclabs/ros2_ws/install/my_robot_controller/share/my_robot_controller/hook/ament_prefix_path.ps1'
[0.323s] INFO:colcon.colcon_core.shell:Creating environment descriptor '/home/eleclabs/ros2_ws/install/my_robot_controller/share/my_robot_controller/hook/ament_prefix_path.dsv'
[0.324s] INFO:colcon.colcon_core.shell:Creating environment hook '/home/eleclabs/ros2_ws/install/my_robot_controller/share/my_robot_controller/hook/ament_prefix_path.sh'
[0.324s] INFO:colcon.colcon_core.shell:Skip shell extension 'powershell' for command environment: Not usable outside of PowerShell
[0.324s] DEBUG:colcon.colcon_core.shell:Skip shell extension 'dsv' for command environment
[0.525s] INFO:colcon.colcon_core.task.python.build:Building Python package in '/home/eleclabs/ros2_ws/src/my_camera'
[0.525s] INFO:colcon.colcon_core.shell:Skip shell extension 'powershell' for command environment: Not usable outside of PowerShell
[0.525s] DEBUG:colcon.colcon_core.shell:Skip shell extension 'dsv' for command environment
[0.724s] INFO:colcon.colcon_core.task.python.build:Building Python package in '/home/eleclabs/ros2_ws/src/my_robot_controller'
[0.725s] INFO:colcon.colcon_core.shell:Skip shell extension 'powershell' for command environment: Not usable outside of PowerShell
[0.725s] DEBUG:colcon.colcon_core.shell:Skip shell extension 'dsv' for command environment
[1.024s] DEBUG:colcon.colcon_core.event_handler.log_command:Invoking command in '/home/eleclabs/ros2_ws/src/my_camera': PYTHONPATH=/home/eleclabs/ros2_ws/build/my_camera/prefix_override:/usr/lib/python3/dist-packages/colcon_core/task/python/colcon_distutils_commands:/home/eleclabs/ros2_ws/install/my_camera/lib/python3.10/site-packages:${PYTHONPATH} /usr/bin/python3 -W ignore:setup.py install is deprecated setup.py egg_info --egg-base ../../build/my_camera build --build-base /home/eleclabs/ros2_ws/build/my_camera/build install --record /home/eleclabs/ros2_ws/build/my_camera/install.log --single-version-externally-managed install_data
[1.026s] DEBUG:colcon.colcon_core.event_handler.log_command:Invoking command in '/home/eleclabs/ros2_ws/src/my_robot_controller': PYTHONPATH=/home/eleclabs/ros2_ws/build/my_robot_controller/prefix_override:/usr/lib/python3/dist-packages/colcon_core/task/python/colcon_distutils_commands:/home/eleclabs/ros2_ws/install/my_robot_controller/lib/python3.10/site-packages:${PYTHONPATH} /usr/bin/python3 -W ignore:setup.py install is deprecated setup.py egg_info --egg-base ../../build/my_robot_controller build --build-base /home/eleclabs/ros2_ws/build/my_robot_controller/build install --record /home/eleclabs/ros2_ws/build/my_robot_controller/install.log --single-version-externally-managed install_data
[1.258s] DEBUG:colcon.colcon_core.event_handler.log_command:Invoked command in '/home/eleclabs/ros2_ws/src/my_robot_controller' returned '0': PYTHONPATH=/home/eleclabs/ros2_ws/build/my_robot_controller/prefix_override:/usr/lib/python3/dist-packages/colcon_core/task/python/colcon_distutils_commands:/home/eleclabs/ros2_ws/install/my_robot_controller/lib/python3.10/site-packages:${PYTHONPATH} /usr/bin/python3 -W ignore:setup.py install is deprecated setup.py egg_info --egg-base ../../build/my_robot_controller build --build-base /home/eleclabs/ros2_ws/build/my_robot_controller/build install --record /home/eleclabs/ros2_ws/build/my_robot_controller/install.log --single-version-externally-managed install_data
[1.260s] Level 1:colcon.colcon_core.environment:checking '/home/eleclabs/ros2_ws/install/my_robot_controller' for CMake module files
[1.261s] Level 1:colcon.colcon_core.environment:checking '/home/eleclabs/ros2_ws/install/my_robot_controller' for CMake config files
[1.261s] Level 1:colcon.colcon_core.environment:checking '/home/eleclabs/ros2_ws/install/my_robot_controller/lib'
[1.261s] Level 1:colcon.colcon_core.environment:checking '/home/eleclabs/ros2_ws/install/my_robot_controller/bin'
[1.261s] Level 1:colcon.colcon_core.environment:checking '/home/eleclabs/ros2_ws/install/my_robot_controller/lib/pkgconfig/my_robot_controller.pc'
[1.261s] Level 1:colcon.colcon_core.environment:checking '/home/eleclabs/ros2_ws/install/my_robot_controller/lib/python3.10/site-packages'
[1.261s] Level 1:colcon.colcon_core.shell:create_environment_hook('my_robot_controller', 'pythonpath')
[1.262s] INFO:colcon.colcon_core.shell:Creating environment hook '/home/eleclabs/ros2_ws/install/my_robot_controller/share/my_robot_controller/hook/pythonpath.ps1'
[1.262s] INFO:colcon.colcon_core.shell:Creating environment descriptor '/home/eleclabs/ros2_ws/install/my_robot_controller/share/my_robot_controller/hook/pythonpath.dsv'
[1.262s] INFO:colcon.colcon_core.shell:Creating environment hook '/home/eleclabs/ros2_ws/install/my_robot_controller/share/my_robot_controller/hook/pythonpath.sh'
[1.263s] Level 1:colcon.colcon_core.environment:checking '/home/eleclabs/ros2_ws/install/my_robot_controller/bin'
[1.263s] Level 1:colcon.colcon_core.environment:create_environment_scripts_only(my_robot_controller)
[1.263s] INFO:colcon.colcon_core.shell:Creating package script '/home/eleclabs/ros2_ws/install/my_robot_controller/share/my_robot_controller/package.ps1'
[1.263s] INFO:colcon.colcon_core.shell:Creating package descriptor '/home/eleclabs/ros2_ws/install/my_robot_controller/share/my_robot_controller/package.dsv'
[1.264s] INFO:colcon.colcon_core.shell:Creating package script '/home/eleclabs/ros2_ws/install/my_robot_controller/share/my_robot_controller/package.sh'
[1.264s] INFO:colcon.colcon_core.shell:Creating package script '/home/eleclabs/ros2_ws/install/my_robot_controller/share/my_robot_controller/package.bash'
[1.265s] INFO:colcon.colcon_core.shell:Creating package script '/home/eleclabs/ros2_ws/install/my_robot_controller/share/my_robot_controller/package.zsh'
[1.265s] Level 1:colcon.colcon_core.environment:create_file_with_runtime_dependencies(/home/eleclabs/ros2_ws/install/my_robot_controller/share/colcon-core/packages/my_robot_controller)
[1.267s] Level 1:colcon.colcon_core.environment:checking '/home/eleclabs/ros2_ws/install/my_camera' for CMake module files
[1.267s] DEBUG:colcon.colcon_core.event_handler.log_command:Invoked command in '/home/eleclabs/ros2_ws/src/my_camera' returned '0': PYTHONPATH=/home/eleclabs/ros2_ws/build/my_camera/prefix_override:/usr/lib/python3/dist-packages/colcon_core/task/python/colcon_distutils_commands:/home/eleclabs/ros2_ws/install/my_camera/lib/python3.10/site-packages:${PYTHONPATH} /usr/bin/python3 -W ignore:setup.py install is deprecated setup.py egg_info --egg-base ../../build/my_camera build --build-base /home/eleclabs/ros2_ws/build/my_camera/build install --record /home/eleclabs/ros2_ws/build/my_camera/install.log --single-version-externally-managed install_data
[1.268s] Level 1:colcon.colcon_core.environment:checking '/home/eleclabs/ros2_ws/install/my_camera' for CMake config files
[1.268s] Level 1:colcon.colcon_core.environment:checking '/home/eleclabs/ros2_ws/install/my_camera/lib'
[1.268s] Level 1:colcon.colcon_core.environment:checking '/home/eleclabs/ros2_ws/install/my_camera/bin'
[1.268s] Level 1:colcon.colcon_core.environment:checking '/home/eleclabs/ros2_ws/install/my_camera/lib/pkgconfig/my_camera.pc'
[1.268s] Level 1:colcon.colcon_core.environment:checking '/home/eleclabs/ros2_ws/install/my_camera/lib/python3.10/site-packages'
[1.268s] Level 1:colcon.colcon_core.shell:create_environment_hook('my_camera', 'pythonpath')
[1.268s] INFO:colcon.colcon_core.shell:Creating environment hook '/home/eleclabs/ros2_ws/install/my_camera/share/my_camera/hook/pythonpath.ps1'
[1.269s] INFO:colcon.colcon_core.shell:Creating environment descriptor '/home/eleclabs/ros2_ws/install/my_camera/share/my_camera/hook/pythonpath.dsv'
[1.269s] INFO:colcon.colcon_core.shell:Creating environment hook '/home/eleclabs/ros2_ws/install/my_camera/share/my_camera/hook/pythonpath.sh'
[1.269s] Level 1:colcon.colcon_core.environment:checking '/home/eleclabs/ros2_ws/install/my_camera/bin'
[1.269s] Level 1:colcon.colcon_core.environment:create_environment_scripts_only(my_camera)
[1.270s] INFO:colcon.colcon_core.shell:Creating package script '/home/eleclabs/ros2_ws/install/my_camera/share/my_camera/package.ps1'
[1.270s] INFO:colcon.colcon_core.shell:Creating package descriptor '/home/eleclabs/ros2_ws/install/my_camera/share/my_camera/package.dsv'
[1.270s] INFO:colcon.colcon_core.shell:Creating package script '/home/eleclabs/ros2_ws/install/my_camera/share/my_camera/package.sh'
[1.270s] INFO:colcon.colcon_core.shell:Creating package script '/home/eleclabs/ros2_ws/install/my_camera/share/my_camera/package.bash'
[1.271s] INFO:colcon.colcon_core.shell:Creating package script '/home/eleclabs/ros2_ws/install/my_camera/share/my_camera/package.zsh'
[1.271s] Level 1:colcon.colcon_core.environment:create_file_with_runtime_dependencies(/home/eleclabs/ros2_ws/install/my_camera/share/colcon-core/packages/my_camera)
[1.271s] DEBUG:colcon.colcon_parallel_executor.executor.parallel:closing loop
[1.272s] DEBUG:colcon.colcon_parallel_executor.executor.parallel:loop closed
[1.272s] DEBUG:colcon.colcon_parallel_executor.executor.parallel:run_until_complete finished with '0'
[1.272s] DEBUG:colcon.colcon_core.event_reactor:joining thread
[1.296s] INFO:colcon.colcon_core.plugin_system:Skipping extension 'colcon_notification.desktop_notification.notify_send': Could not find 'notify-send'
[1.296s] INFO:colcon.colcon_core.plugin_system:Skipping extension 'colcon_notification.desktop_notification.terminal_notifier': Not used on non-Darwin systems
[1.296s] INFO:colcon.colcon_core.plugin_system:Skipping extension 'colcon_notification.desktop_notification.win32': Not used on non-Windows systems
[1.296s] INFO:colcon.colcon_notification.desktop_notification:Sending desktop notification using 'notify2'
[1.297s] DEBUG:colcon.colcon_notification.desktop_notification.notify2:Failed to initialize notify2: org.freedesktop.DBus.Error.ServiceUnknown: The name org.freedesktop.Notifications was not provided by any .service files
[1.297s] DEBUG:colcon.colcon_core.event_reactor:joined thread
[1.297s] INFO:colcon.colcon_core.shell:Creating prefix script '/home/eleclabs/ros2_ws/install/local_setup.ps1'
[1.298s] INFO:colcon.colcon_core.shell:Creating prefix util module '/home/eleclabs/ros2_ws/install/_local_setup_util_ps1.py'
[1.299s] INFO:colcon.colcon_core.shell:Creating prefix chain script '/home/eleclabs/ros2_ws/install/setup.ps1'
[1.299s] INFO:colcon.colcon_core.shell:Creating prefix script '/home/eleclabs/ros2_ws/install/local_setup.sh'
[1.300s] INFO:colcon.colcon_core.shell:Creating prefix util module '/home/eleclabs/ros2_ws/install/_local_setup_util_sh.py'
[1.300s] INFO:colcon.colcon_core.shell:Creating prefix chain script '/home/eleclabs/ros2_ws/install/setup.sh'
[1.301s] INFO:colcon.colcon_core.shell:Creating prefix script '/home/eleclabs/ros2_ws/install/local_setup.bash'
[1.301s] INFO:colcon.colcon_core.shell:Creating prefix chain script '/home/eleclabs/ros2_ws/install/setup.bash'
[1.301s] INFO:colcon.colcon_core.shell:Creating prefix script '/home/eleclabs/ros2_ws/install/local_setup.zsh'
[1.302s] INFO:colcon.colcon_core.shell:Creating prefix chain script '/home/eleclabs/ros2_ws/install/setup.zsh'
