[4.474s] Invoking command in '/home/eleclabs/ros2_ws/src/mypkg': PYTHONPATH=/home/eleclabs/ros2_ws/build/mypkg/prefix_override:/usr/lib/python3/dist-packages/colcon_core/task/python/colcon_distutils_commands:/home/eleclabs/ros2_ws/install/mypkg/lib/python3.10/site-packages:${PYTHONPATH} /usr/bin/python3 -W ignore:setup.py install is deprecated setup.py egg_info --egg-base ../../build/mypkg build --build-base /home/eleclabs/ros2_ws/build/mypkg/build install --record /home/eleclabs/ros2_ws/build/mypkg/install.log --single-version-externally-managed install_data
[5.195s] running egg_info
[5.197s] writing ../../build/mypkg/mypkg.egg-info/PKG-INFO
[5.200s] writing dependency_links to ../../build/mypkg/mypkg.egg-info/dependency_links.txt
[5.200s] writing entry points to ../../build/mypkg/mypkg.egg-info/entry_points.txt
[5.202s] writing requirements to ../../build/mypkg/mypkg.egg-info/requires.txt
[5.202s] writing top-level names to ../../build/mypkg/mypkg.egg-info/top_level.txt
[5.207s] reading manifest file '../../build/mypkg/mypkg.egg-info/SOURCES.txt'
[5.211s] writing manifest file '../../build/mypkg/mypkg.egg-info/SOURCES.txt'
[5.212s] running build
[5.212s] running build_py
[5.214s] copying mypkg/twist_pub.py -> /home/eleclabs/ros2_ws/build/mypkg/build/lib/mypkg
[5.218s] running install
[5.218s] running install_lib
[5.220s] copying /home/eleclabs/ros2_ws/build/mypkg/build/lib/mypkg/twist_pub.py -> /home/eleclabs/ros2_ws/install/mypkg/lib/python3.10/site-packages/mypkg
[5.222s] byte-compiling /home/eleclabs/ros2_ws/install/mypkg/lib/python3.10/site-packages/mypkg/twist_pub.py to twist_pub.cpython-310.pyc
[5.223s] running install_data
[5.224s] running install_egg_info
[5.228s] removing '/home/eleclabs/ros2_ws/install/mypkg/lib/python3.10/site-packages/mypkg-0.0.0-py3.10.egg-info' (and everything under it)
[5.230s] Copying ../../build/mypkg/mypkg.egg-info to /home/eleclabs/ros2_ws/install/mypkg/lib/python3.10/site-packages/mypkg-0.0.0-py3.10.egg-info
[5.233s] running install_scripts
[5.280s] Installing first_publisher script to /home/eleclabs/ros2_ws/install/mypkg/lib/mypkg
[5.281s] Installing twist_publisher script to /home/eleclabs/ros2_ws/install/mypkg/lib/mypkg
[5.282s] writing list of installed files to '/home/eleclabs/ros2_ws/build/mypkg/install.log'
[5.407s] Invoked command in '/home/eleclabs/ros2_ws/src/mypkg' returned '0': PYTHONPATH=/home/eleclabs/ros2_ws/build/mypkg/prefix_override:/usr/lib/python3/dist-packages/colcon_core/task/python/colcon_distutils_commands:/home/eleclabs/ros2_ws/install/mypkg/lib/python3.10/site-packages:${PYTHONPATH} /usr/bin/python3 -W ignore:setup.py install is deprecated setup.py egg_info --egg-base ../../build/mypkg build --build-base /home/eleclabs/ros2_ws/build/mypkg/build install --record /home/eleclabs/ros2_ws/build/mypkg/install.log --single-version-externally-managed install_data
