[1.178s] Invoking command in '/home/eleclabs/ros2_ws/build/my_robot_controller': PYTHONPATH=/home/eleclabs/ros2_ws/build/my_robot_controller/prefix_override:/usr/lib/python3/dist-packages/colcon_core/task/python/colcon_distutils_commands:/home/eleclabs/ros2_ws/install/my_robot_controller/lib/python3.10/site-packages:${PYTHONPATH} /usr/bin/python3 -W ignore:setup.py install is deprecated setup.py develop --uninstall --editable --build-directory /home/eleclabs/ros2_ws/build/my_robot_controller/build
[1.437s] running develop
[1.710s] Removing /home/eleclabs/ros2_ws/install/my_robot_controller/lib/python3.10/site-packages/my-robot-controller.egg-link (link to .)
[1.746s] Invoked command in '/home/eleclabs/ros2_ws/build/my_robot_controller' returned '0': PYTHONPATH=/home/eleclabs/ros2_ws/build/my_robot_controller/prefix_override:/usr/lib/python3/dist-packages/colcon_core/task/python/colcon_distutils_commands:/home/eleclabs/ros2_ws/install/my_robot_controller/lib/python3.10/site-packages:${PYTHONPATH} /usr/bin/python3 -W ignore:setup.py install is deprecated setup.py develop --uninstall --editable --build-directory /home/eleclabs/ros2_ws/build/my_robot_controller/build
[1.748s] Invoking command in '/home/eleclabs/ros2_ws/src/my_robot_controller': PYTHONPATH=/home/eleclabs/ros2_ws/build/my_robot_controller/prefix_override:/usr/lib/python3/dist-packages/colcon_core/task/python/colcon_distutils_commands:/home/eleclabs/ros2_ws/install/my_robot_controller/lib/python3.10/site-packages:${PYTHONPATH} /usr/bin/python3 -W ignore:setup.py install is deprecated setup.py egg_info --egg-base ../../build/my_robot_controller build --build-base /home/eleclabs/ros2_ws/build/my_robot_controller/build install --record /home/eleclabs/ros2_ws/build/my_robot_controller/install.log --single-version-externally-managed install_data --force
[1.955s] running egg_info
[1.956s] writing ../../build/my_robot_controller/my_robot_controller.egg-info/PKG-INFO
[1.957s] writing dependency_links to ../../build/my_robot_controller/my_robot_controller.egg-info/dependency_links.txt
[1.957s] writing entry points to ../../build/my_robot_controller/my_robot_controller.egg-info/entry_points.txt
[1.957s] writing requirements to ../../build/my_robot_controller/my_robot_controller.egg-info/requires.txt
[1.958s] writing top-level names to ../../build/my_robot_controller/my_robot_controller.egg-info/top_level.txt
[1.959s] reading manifest file '../../build/my_robot_controller/my_robot_controller.egg-info/SOURCES.txt'
[1.961s] writing manifest file '../../build/my_robot_controller/my_robot_controller.egg-info/SOURCES.txt'
[1.961s] running build
[1.961s] running build_py
[1.962s] copying my_robot_controller/my_first_node.py -> /home/eleclabs/ros2_ws/build/my_robot_controller/build/lib/my_robot_controller
[1.963s] running install
[1.963s] running install_lib
[1.963s] creating /home/eleclabs/ros2_ws/install/my_robot_controller/lib/python3.10/site-packages/my_robot_controller
[1.964s] copying /home/eleclabs/ros2_ws/build/my_robot_controller/build/lib/my_robot_controller/__init__.py -> /home/eleclabs/ros2_ws/install/my_robot_controller/lib/python3.10/site-packages/my_robot_controller
[1.964s] copying /home/eleclabs/ros2_ws/build/my_robot_controller/build/lib/my_robot_controller/my_first_node.py -> /home/eleclabs/ros2_ws/install/my_robot_controller/lib/python3.10/site-packages/my_robot_controller
[1.964s] byte-compiling /home/eleclabs/ros2_ws/install/my_robot_controller/lib/python3.10/site-packages/my_robot_controller/__init__.py to __init__.cpython-310.pyc
[1.965s] byte-compiling /home/eleclabs/ros2_ws/install/my_robot_controller/lib/python3.10/site-packages/my_robot_controller/my_first_node.py to my_first_node.cpython-310.pyc
[1.965s] running install_data
[1.965s] copying resource/my_robot_controller -> /home/eleclabs/ros2_ws/install/my_robot_controller/share/ament_index/resource_index/packages
[1.966s] copying package.xml -> /home/eleclabs/ros2_ws/install/my_robot_controller/share/my_robot_controller
[1.967s] running install_egg_info
[1.969s] Copying ../../build/my_robot_controller/my_robot_controller.egg-info to /home/eleclabs/ros2_ws/install/my_robot_controller/lib/python3.10/site-packages/my_robot_controller-0.0.0-py3.10.egg-info
[1.970s] running install_scripts
[1.988s] Installing test_node script to /home/eleclabs/ros2_ws/install/my_robot_controller/lib/my_robot_controller
[1.989s] writing list of installed files to '/home/eleclabs/ros2_ws/build/my_robot_controller/install.log'
[2.025s] Invoked command in '/home/eleclabs/ros2_ws/src/my_robot_controller' returned '0': PYTHONPATH=/home/eleclabs/ros2_ws/build/my_robot_controller/prefix_override:/usr/lib/python3/dist-packages/colcon_core/task/python/colcon_distutils_commands:/home/eleclabs/ros2_ws/install/my_robot_controller/lib/python3.10/site-packages:${PYTHONPATH} /usr/bin/python3 -W ignore:setup.py install is deprecated setup.py egg_info --egg-base ../../build/my_robot_controller build --build-base /home/eleclabs/ros2_ws/build/my_robot_controller/build install --record /home/eleclabs/ros2_ws/build/my_robot_controller/install.log --single-version-externally-managed install_data --force
